<?xml version="1.0" encoding="UTF-8"?>
<TestRun id="3b93801c-8880-40b5-895b-c7743f8cb776" name="Nick@NICK-LAPTOP 2009-12-11 10:04:52" runUser="nick-laptop\Nick" xmlns="http://microsoft.com/schemas/VisualStudio/TeamTest/2006">
  <TestRunConfiguration name="ManagedFusion.Rewriter" id="aceed991-3862-4fd4-8e5b-0413e19a4db9">
    <Description>This is a default test run configuration for a local test run.</Description>
    <CodeCoverage keyFile="C:\Users\Nick\Documents\Projects\Managed Fusion (Open Source)\ManagedFusion.snk">
      <Regular>
        <CodeCoverageItem binaryFile="Source\bin\Debug\ManagedFusion.Rewriter.dll" pdbFile="Source\bin\Debug\ManagedFusion.Rewriter.pdb" instrumentInPlace="true" />
      </Regular>
    </CodeCoverage>
    <Deployment runDeploymentRoot="C:\Users\Nick\Documents\Projects\Managed Fusion (Open Source)\ManagedFusion.Rewriter\TestResults\Nick_NICK-LAPTOP 2009-12-11 10_04_52">
      <DeploymentItem filename="C:\Users\Nick\Documents\Projects\Managed Fusion (Open Source)\ManagedFusion.Rewriter\Dependencies\Moq.dll" />
      <DeploymentItem filename="C:\Users\Nick\Documents\Projects\Managed Fusion (Open Source)\ManagedFusion.Rewriter\Source\bin\Release\ManagedFusion.Rewriter.dll" />
    </Deployment>
    <TestTypeSpecific>
      <WebTestRunConfiguration testTypeId="4e7599fa-5ecb-43e9-a887-cd63cf72d207">
        <Browser name="Internet Explorer 7.0">
          <Headers>
            <Header name="User-Agent" value="Mozilla/4.0 (compatible; MSIE 7.0; Windows NT 5.1)" />
            <Header name="Accept" value="*/*" />
            <Header name="Accept-Language" value="{{$IEAcceptLanguage}}" />
            <Header name="Accept-Encoding" value="GZIP" />
          </Headers>
        </Browser>
        <Network Name="LAN" BandwidthInKbps="0" />
      </WebTestRunConfiguration>
    </TestTypeSpecific>
  </TestRunConfiguration>
  <ResultSummary outcome="Error">
    <Counters total="1" executed="1" error="0" failed="0" timeout="0" aborted="1" inconclusive="0" passedButRunAborted="0" notRunnable="0" notExecuted="0" disconnected="0" warning="0" passed="0" completed="0" inProgress="0" pending="0" />
    <RunInfos>
      <RunInfo computerName="NICK-LAPTOP" outcome="Error" timestamp="2009-12-11T10:05:20.9937805-05:00">
        <Text>Test host process exited unexpectedly.</Text>
      </RunInfo>
    </RunInfos>
  </ResultSummary>
  <Times creation="2009-12-11T10:04:52.2111343-05:00" queuing="2009-12-11T10:04:56.8974023-05:00" start="2009-12-11T10:04:57.1544170-05:00" finish="2009-12-11T10:05:20.9937805-05:00" />
  <TestDefinitions>
    <UnitTest name="Redirect_Plain" storage="c:\users\nick\documents\projects\managed fusion (open source)\managedfusion.rewriter\tests\unit\bin\release\managedfusion.rewriter.test.dll" id="39653641-39de-1ab9-0d50-98dca481a8f8">
      <Css projectStructure="" iteration="" />
      <Owners>
        <Owner name="" />
      </Owners>
      <Execution id="2835799c-c8f5-439f-8207-195750e867e3" />
      <TestMethod codeBase="C:\Users\Nick\Documents\Projects\Managed Fusion (Open Source)\ManagedFusion.Rewriter\Tests\Unit\bin\Release\ManagedFusion.Rewriter.Test.dll" adapterTypeName="Microsoft.VisualStudio.TestTools.TestTypes.Unit.UnitTestAdapter, Microsoft.VisualStudio.QualityTools.Tips.UnitTest.Adapter, Version=9.0.0.0, Culture=neutral, PublicKeyToken=b03f5f7f11d50a3a" className="ManagedFusion.Rewriter.Test.Rules.Flags.RedirectFlagTest, ManagedFusion.Rewriter.Test" name="Redirect_Plain" />
    </UnitTest>
  </TestDefinitions>
  <TestLists>
    <TestList name="Results Not in a List" id="8c84fa94-04c1-424b-9868-57a2d4851a1d" />
    <TestList name="All Loaded Results" id="19431567-8539-422a-85d7-44ee4e166bda" />
  </TestLists>
  <TestEntries>
    <TestEntry testId="39653641-39de-1ab9-0d50-98dca481a8f8" executionId="ee7981dd-8f7d-4ddd-8bd0-ce2aff977e57" testListId="8c84fa94-04c1-424b-9868-57a2d4851a1d" />
  </TestEntries>
  <Results>
    <UnitTestResult executionId="ee7981dd-8f7d-4ddd-8bd0-ce2aff977e57" testId="39653641-39de-1ab9-0d50-98dca481a8f8" testName="Redirect_Plain" computerName="NICK-LAPTOP" duration="00:00:23.7313573" startTime="2009-12-11T10:04:57.2624232-05:00" endTime="2009-12-11T10:05:20.9937805-05:00" testType="13cdc9d9-ddb5-4fa4-a97d-d965ccfc6d4b" outcome="Aborted" testListId="8c84fa94-04c1-424b-9868-57a2d4851a1d">
    </UnitTestResult>
  </Results>
</TestRun>