<?xml version="1.0" encoding="UTF-8"?>
<TestRun id="0c63acbb-638d-4769-9367-618a6d94e171" name="Nick@NICK-LAPTOP 2009-12-11 10:04:22" runUser="nick-laptop\Nick" xmlns="http://microsoft.com/schemas/VisualStudio/TeamTest/2006">
  <TestRunConfiguration name="ManagedFusion.Rewriter" id="aceed991-3862-4fd4-8e5b-0413e19a4db9">
    <Description>This is a default test run configuration for a local test run.</Description>
    <CodeCoverage enabled="true" keyFile="C:\Users\Nick\Documents\Projects\Managed Fusion (Open Source)\ManagedFusion.snk">
      <Regular>
        <CodeCoverageItem binaryFile="C:\Users\Nick\Documents\Projects\Managed Fusion (Open Source)\ManagedFusion.Rewriter\Source\bin\Debug\ManagedFusion.Rewriter.dll" pdbFile="C:\Users\Nick\Documents\Projects\Managed Fusion (Open Source)\ManagedFusion.Rewriter\Source\bin\Debug\ManagedFusion.Rewriter.instr.pdb" instrumentInPlace="true">
          <KeyFile path="C:\Users\Nick\Documents\Projects\Managed Fusion (Open Source)\ManagedFusion.snk" />
        </CodeCoverageItem>
      </Regular>
    </CodeCoverage>
    <Deployment runDeploymentRoot="C:\Users\Nick\Documents\Projects\Managed Fusion (Open Source)\ManagedFusion.Rewriter\TestResults\Nick_NICK-LAPTOP 2009-12-11 10_04_22">
      <DeploymentItem filename="C:\Users\Nick\Documents\Projects\Managed Fusion (Open Source)\ManagedFusion.Rewriter\Dependencies\Moq.dll" />
      <DeploymentItem filename="C:\Users\Nick\Documents\Projects\Managed Fusion (Open Source)\ManagedFusion.Rewriter\Source\bin\Release\ManagedFusion.Rewriter.dll" />
    </Deployment>
    <Plugins>
      <Plugin>Microsoft.VisualStudio.TestTools.CodeCoverage.CoveragePlugIn, Microsoft.VisualStudio.QualityTools.Plugins.CodeCoverage, PublicKeyToken=b03f5f7f11d50a3a</Plugin>
    </Plugins>
    <TestTypeSpecific>
      <WebTestRunConfiguration testTypeId="4e7599fa-5ecb-43e9-a887-cd63cf72d207">
        <Browser name="Internet Explorer 7.0">
          <Headers>
            <Header name="User-Agent" value="Mozilla/4.0 (compatible; MSIE 7.0; Windows NT 5.1)" />
            <Header name="Accept" value="*/*" />
            <Header name="Accept-Language" value="{{$IEAcceptLanguage}}" />
            <Header name="Accept-Encoding" value="GZIP" />
          </Headers>
        </Browser>
        <Network Name="LAN" BandwidthInKbps="0" />
      </WebTestRunConfiguration>
    </TestTypeSpecific>
  </TestRunConfiguration>
  <ResultSummary outcome="Failed">
    <Counters total="1" executed="1" error="0" failed="1" timeout="0" aborted="0" inconclusive="0" passedButRunAborted="0" notRunnable="0" notExecuted="0" disconnected="0" warning="0" passed="0" completed="0" inProgress="0" pending="0" />
    <RunInfos>
      <RunInfo computerName="NICK-LAPTOP" outcome="Warning" timestamp="2009-12-11T10:04:25.4326026-05:00">
        <Text>Code coverage instrumentation warning while processing file ManagedFusion.Rewriter.dll:
Warning VSP2013 : Instrumenting this image requires it to run as a 32-bit process.  The CLR header flags have been updated to reflect this.</Text>
      </RunInfo>
      <RunInfo computerName="NICK-LAPTOP" outcome="Warning" timestamp="2009-12-11T10:04:25.7486207-05:00">
        <Text>Warning: conflict during test run deployment: deployment item 'C:\Users\Nick\Documents\Projects\Managed Fusion (Open Source)\ManagedFusion.Rewriter\Source\bin\Release\ManagedFusion.Rewriter.dll' directly or indirectly referenced by C:\Users\Nick\Documents\Projects\Managed Fusion (Open Source)\ManagedFusion.Rewriter\Tests\Unit\bin\Release\ManagedFusion.Rewriter.Test.dll cannot be deployed to 'ManagedFusion.Rewriter.dll' because otherwise the file 'C:\Users\Nick\Documents\Projects\Managed Fusion (Open Source)\ManagedFusion.Rewriter\Source\bin\Release\ManagedFusion.Rewriter.dll' would overwrite code coverage item 'C:\Users\Nick\Documents\Projects\Managed Fusion (Open Source)\ManagedFusion.Rewriter\Source\bin\Debug\ManagedFusion.Rewriter.dll'.</Text>
      </RunInfo>
      <RunInfo computerName="NICK-LAPTOP" outcome="Warning" timestamp="2009-12-11T10:04:25.7486207-05:00">
        <Text>Warning: conflict during test run deployment: deployment item 'c:\users\nick\documents\projects\managed fusion (open source)\managedfusion.rewriter\tests\unit\bin\release\ManagedFusion.Rewriter.dll' directly or indirectly referenced by the test container 'c:\users\nick\documents\projects\managed fusion (open source)\managedfusion.rewriter\tests\unit\bin\release\managedfusion.rewriter.test.dll' cannot be deployed to 'ManagedFusion.Rewriter.dll' because otherwise the file 'c:\users\nick\documents\projects\managed fusion (open source)\managedfusion.rewriter\tests\unit\bin\release\ManagedFusion.Rewriter.dll' would overwrite code coverage item 'C:\Users\Nick\Documents\Projects\Managed Fusion (Open Source)\ManagedFusion.Rewriter\Source\bin\Debug\ManagedFusion.Rewriter.dll'.</Text>
      </RunInfo>
    </RunInfos>
  </ResultSummary>
  <Times creation="2009-12-11T10:04:22.0644100-05:00" queuing="2009-12-11T10:04:26.7936805-05:00" start="2009-12-11T10:04:27.2187048-05:00" finish="2009-12-11T10:04:30.2598787-05:00" />
  <TestDefinitions>
    <UnitTest name="Redirect_Plain" storage="c:\users\nick\documents\projects\managed fusion (open source)\managedfusion.rewriter\tests\unit\bin\release\managedfusion.rewriter.test.dll" id="39653641-39de-1ab9-0d50-98dca481a8f8">
      <Css projectStructure="" iteration="" />
      <Owners>
        <Owner name="" />
      </Owners>
      <Execution id="2835799c-c8f5-439f-8207-195750e867e3" />
      <TestMethod codeBase="C:\Users\Nick\Documents\Projects\Managed Fusion (Open Source)\ManagedFusion.Rewriter\Tests\Unit\bin\Release\ManagedFusion.Rewriter.Test.dll" adapterTypeName="Microsoft.VisualStudio.TestTools.TestTypes.Unit.UnitTestAdapter, Microsoft.VisualStudio.QualityTools.Tips.UnitTest.Adapter, Version=9.0.0.0, Culture=neutral, PublicKeyToken=b03f5f7f11d50a3a" className="ManagedFusion.Rewriter.Test.Rules.Flags.RedirectFlagTest, ManagedFusion.Rewriter.Test" name="Redirect_Plain" />
    </UnitTest>
  </TestDefinitions>
  <TestLists>
    <TestList name="Results Not in a List" id="8c84fa94-04c1-424b-9868-57a2d4851a1d" />
    <TestList name="All Loaded Results" id="19431567-8539-422a-85d7-44ee4e166bda" />
  </TestLists>
  <TestEntries>
    <TestEntry testId="39653641-39de-1ab9-0d50-98dca481a8f8" executionId="2835799c-c8f5-439f-8207-195750e867e3" testListId="8c84fa94-04c1-424b-9868-57a2d4851a1d" />
  </TestEntries>
  <Results>
    <UnitTestResult executionId="2835799c-c8f5-439f-8207-195750e867e3" testId="39653641-39de-1ab9-0d50-98dca481a8f8" testName="Redirect_Plain" computerName="NICK-LAPTOP" duration="00:00:00" startTime="2009-12-11T10:04:28.0367516-05:00" endTime="2009-12-11T10:04:28.6837886-05:00" testType="13cdc9d9-ddb5-4fa4-a97d-d965ccfc6d4b" outcome="Failed" testListId="8c84fa94-04c1-424b-9868-57a2d4851a1d">
      <Output>
        <ErrorInfo>
          <Message>Unit Test Adapter threw exception: Unable to load one or more of the requested types. Retrieve the LoaderExceptions property for more information..</Message>
        </ErrorInfo>
      </Output>
    </UnitTestResult>
  </Results>
</TestRun>