<?xml version="1.0" encoding="UTF-8"?>
<TestRun id="0ba095fb-57e2-4662-811e-d3caac844997" name="Nick@NICK-LAPTOP 2009-12-11 10:39:56" runUser="nick-laptop\Nick" xmlns="http://microsoft.com/schemas/VisualStudio/TeamTest/2006">
  <TestRunConfiguration name="ManagedFusion.Rewriter" id="aceed991-3862-4fd4-8e5b-0413e19a4db9">
    <Description>This is a default test run configuration for a local test run.</Description>
    <CodeCoverage keyFile="C:\Users\Nick\Documents\Projects\Managed Fusion (Open Source)\ManagedFusion.snk">
      <Regular>
        <CodeCoverageItem binaryFile="Source\bin\Release\ManagedFusion.Rewriter.dll" pdbFile="Source\bin\Release\ManagedFusion.Rewriter.pdb" instrumentInPlace="true" />
      </Regular>
    </CodeCoverage>
    <Deployment runDeploymentRoot="C:\Users\Nick\Documents\Projects\Managed Fusion (Open Source)\ManagedFusion.Rewriter\TestResults\Nick_NICK-LAPTOP 2009-12-11 10_39_56">
      <DeploymentItem filename="C:\Users\Nick\Documents\Projects\Managed Fusion (Open Source)\ManagedFusion.Rewriter\Dependencies\Moq.dll" />
      <DeploymentItem filename="C:\Users\Nick\Documents\Projects\Managed Fusion (Open Source)\ManagedFusion.Rewriter\Source\bin\Release\ManagedFusion.Rewriter.dll" />
    </Deployment>
    <TestTypeSpecific>
      <WebTestRunConfiguration testTypeId="4e7599fa-5ecb-43e9-a887-cd63cf72d207">
        <Browser name="Internet Explorer 7.0">
          <Headers>
            <Header name="User-Agent" value="Mozilla/4.0 (compatible; MSIE 7.0; Windows NT 5.1)" />
            <Header name="Accept" value="*/*" />
            <Header name="Accept-Language" value="{{$IEAcceptLanguage}}" />
            <Header name="Accept-Encoding" value="GZIP" />
          </Headers>
        </Browser>
        <Network Name="LAN" BandwidthInKbps="0" />
      </WebTestRunConfiguration>
    </TestTypeSpecific>
  </TestRunConfiguration>
  <ResultSummary outcome="Failed">
    <Counters total="1" executed="1" error="0" failed="1" timeout="0" aborted="0" inconclusive="0" passedButRunAborted="0" notRunnable="0" notExecuted="0" disconnected="0" warning="0" passed="0" completed="0" inProgress="0" pending="0" />
  </ResultSummary>
  <Times creation="2009-12-11T10:39:56.8275114-05:00" queuing="2009-12-11T10:39:59.1856463-05:00" start="2009-12-11T10:39:59.4166595-05:00" finish="2009-12-11T10:40:11.7003621-05:00" />
  <TestDefinitions>
    <UnitTest name="Redirect_Temp" storage="c:\users\nick\documents\projects\managed fusion (open source)\managedfusion.rewriter\tests\unit\bin\release\managedfusion.rewriter.test.dll" id="f213e35e-ac49-ca5d-41d6-3bc6581c0b93">
      <Css projectStructure="" iteration="" />
      <Owners>
        <Owner name="" />
      </Owners>
      <Execution id="bb26722c-2968-425b-a66a-9c8bd7815ca3" />
      <TestMethod codeBase="C:\Users\Nick\Documents\Projects\Managed Fusion (Open Source)\ManagedFusion.Rewriter\Tests\Unit\bin\Release\ManagedFusion.Rewriter.Test.dll" adapterTypeName="Microsoft.VisualStudio.TestTools.TestTypes.Unit.UnitTestAdapter, Microsoft.VisualStudio.QualityTools.Tips.UnitTest.Adapter, Version=9.0.0.0, Culture=neutral, PublicKeyToken=b03f5f7f11d50a3a" className="ManagedFusion.Rewriter.Test.Rules.Flags.RedirectFlagTest, ManagedFusion.Rewriter.Test" name="Redirect_Temp" />
    </UnitTest>
  </TestDefinitions>
  <TestLists>
    <TestList name="Results Not in a List" id="8c84fa94-04c1-424b-9868-57a2d4851a1d" />
    <TestList name="All Loaded Results" id="19431567-8539-422a-85d7-44ee4e166bda" />
  </TestLists>
  <TestEntries>
    <TestEntry testId="f213e35e-ac49-ca5d-41d6-3bc6581c0b93" executionId="bb26722c-2968-425b-a66a-9c8bd7815ca3" testListId="8c84fa94-04c1-424b-9868-57a2d4851a1d" />
  </TestEntries>
  <Results>
    <UnitTestResult executionId="bb26722c-2968-425b-a66a-9c8bd7815ca3" testId="f213e35e-ac49-ca5d-41d6-3bc6581c0b93" testName="Redirect_Temp" computerName="NICK-LAPTOP" duration="00:00:11.3887508" startTime="2009-12-11T10:39:59.5236656-05:00" endTime="2009-12-11T10:40:11.6183574-05:00" testType="13cdc9d9-ddb5-4fa4-a97d-d965ccfc6d4b" outcome="Failed" testListId="8c84fa94-04c1-424b-9868-57a2d4851a1d">
      <Output>
        <ErrorInfo>
          <Message>Assert.AreEqual failed. Expected:&lt;307&gt;. Actual:&lt;200&gt;. </Message>
          <StackTrace>   at ManagedFusion.Rewriter.Test.Rules.Flags.RedirectFlagTest.Redirect_Temp() in C:\Users\Nick\Documents\Projects\Managed Fusion (Open Source)\ManagedFusion.Rewriter\Tests\Unit\Rules\Flags\RedirectFlagTest.cs:line 188
</StackTrace>
        </ErrorInfo>
      </Output>
    </UnitTestResult>
  </Results>
</TestRun>