<?xml version="1.0" encoding="UTF-8"?>
<TestRun id="e0f82b71-8a3d-4154-8b95-f7813aee709b" name="Nick@NICK-LAPTOP 2009-11-19 22:40:12" runUser="nick-laptop\Nick" xmlns="http://microsoft.com/schemas/VisualStudio/TeamTest/2006">
  <TestRunConfiguration name="ManagedFusion.Rewriter" id="aceed991-3862-4fd4-8e5b-0413e19a4db9">
    <Description>This is a default test run configuration for a local test run.</Description>
    <CodeCoverage keyFile="C:\Users\Nick\Documents\Projects\Managed Fusion (Open Source)\ManagedFusion.snk">
      <Regular>
        <CodeCoverageItem binaryFile="Source\bin\Debug\ManagedFusion.Rewriter.dll" pdbFile="Source\bin\Debug\ManagedFusion.Rewriter.pdb" instrumentInPlace="true" />
      </Regular>
    </CodeCoverage>
    <Deployment runDeploymentRoot="C:\Users\Nick\Documents\Projects\Managed Fusion (Open Source)\ManagedFusion.Rewriter\TestResults\Nick_NICK-LAPTOP 2009-11-19 22_40_12">
      <DeploymentItem filename="C:\Users\Nick\Documents\Projects\Managed Fusion (Open Source)\ManagedFusion.Rewriter\Dependencies\Moq.dll" />
      <DeploymentItem filename="C:\Users\Nick\Documents\Projects\Managed Fusion (Open Source)\ManagedFusion.Rewriter\Source\bin\Debug\ManagedFusion.Rewriter.dll" />
    </Deployment>
    <TestTypeSpecific>
      <WebTestRunConfiguration testTypeId="4e7599fa-5ecb-43e9-a887-cd63cf72d207">
        <Browser name="Internet Explorer 7.0">
          <Headers>
            <Header name="User-Agent" value="Mozilla/4.0 (compatible; MSIE 7.0; Windows NT 5.1)" />
            <Header name="Accept" value="*/*" />
            <Header name="Accept-Language" value="{{$IEAcceptLanguage}}" />
            <Header name="Accept-Encoding" value="GZIP" />
          </Headers>
        </Browser>
        <Network Name="LAN" BandwidthInKbps="0" />
      </WebTestRunConfiguration>
    </TestTypeSpecific>
  </TestRunConfiguration>
  <ResultSummary outcome="Completed">
    <Counters total="50" executed="50" passed="50" error="0" failed="0" timeout="0" aborted="0" inconclusive="0" passedButRunAborted="0" notRunnable="0" notExecuted="0" disconnected="0" warning="0" completed="0" inProgress="0" pending="0" />
  </ResultSummary>
  <Times creation="2009-11-19T22:40:12.4498764-05:00" queuing="2009-11-19T22:40:15.2090342-05:00" start="2009-11-19T22:40:15.6980622-05:00" finish="2009-11-19T22:40:17.8231837-05:00" />
  <TestDefinitions>
    <UnitTest name="Last_First" storage="c:\users\nick\documents\projects\managed fusion (open source)\managedfusion.rewriter\tests\unit\bin\debug\managedfusion.rewriter.test.dll" id="f990ae4a-0443-c18c-38fd-47da33e692ad">
      <Css projectStructure="" iteration="" />
      <Owners>
        <Owner name="" />
      </Owners>
      <Execution id="2c729452-4724-4302-b236-623fb985ca6e" />
      <TestMethod codeBase="C:\Users\Nick\Documents\Projects\Managed Fusion (Open Source)\ManagedFusion.Rewriter\Tests\Unit\bin\Debug\ManagedFusion.Rewriter.Test.dll" adapterTypeName="Microsoft.VisualStudio.TestTools.TestTypes.Unit.UnitTestAdapter, Microsoft.VisualStudio.QualityTools.Tips.UnitTest.Adapter, Version=9.0.0.0, Culture=neutral, PublicKeyToken=b03f5f7f11d50a3a" className="ManagedFusion.Rewriter.Test.Rules.Flags.LastFlagTest, ManagedFusion.Rewriter.Test" name="Last_First" />
    </UnitTest>
    <UnitTest name="VerifyExecuteWithOneConditionalValue" storage="c:\users\nick\documents\projects\managed fusion (open source)\managedfusion.rewriter\tests\unit\bin\debug\managedfusion.rewriter.test.dll" id="47702f76-7181-6260-4d97-c4d698c770af">
      <Css projectStructure="" iteration="" />
      <Owners>
        <Owner name="" />
      </Owners>
      <Execution id="4abca3ee-00aa-415a-bf23-af0c315b59d1" />
      <TestMethod codeBase="C:\Users\Nick\Documents\Projects\Managed Fusion (Open Source)\ManagedFusion.Rewriter\Tests\Unit\bin\Debug\ManagedFusion.Rewriter.Test.dll" adapterTypeName="Microsoft.VisualStudio.TestTools.TestTypes.Unit.UnitTestAdapter, Microsoft.VisualStudio.QualityTools.Tips.UnitTest.Adapter, Version=9.0.0.0, Culture=neutral, PublicKeyToken=b03f5f7f11d50a3a" className="ManagedFusion.Rewriter.Rules.Test.DefaultOutputRuleActionTest, ManagedFusion.Rewriter.Test" name="VerifyExecuteWithOneConditionalValue" />
    </UnitTest>
    <UnitTest name="ProxyType" storage="c:\users\nick\documents\projects\managed fusion (open source)\managedfusion.rewriter\tests\unit\bin\debug\managedfusion.rewriter.test.dll" id="444f1f01-4e44-8161-e55d-575189cb9197">
      <Css projectStructure="" iteration="" />
      <Owners>
        <Owner name="" />
      </Owners>
      <Execution id="cbe3e6ca-7737-4d0f-b56f-9e7ee622034e" />
      <TestMethod codeBase="C:\Users\Nick\Documents\Projects\Managed Fusion (Open Source)\ManagedFusion.Rewriter\Tests\Unit\bin\Debug\ManagedFusion.Rewriter.Test.dll" adapterTypeName="Microsoft.VisualStudio.TestTools.TestTypes.Unit.UnitTestAdapter, Microsoft.VisualStudio.QualityTools.Tips.UnitTest.Adapter, Version=9.0.0.0, Culture=neutral, PublicKeyToken=b03f5f7f11d50a3a" className="ManagedFusion.Rewriter.Test.ProxyTest, ManagedFusion.Rewriter.Test" name="ProxyType" />
    </UnitTest>
    <UnitTest name="VerifyExecuteWithServerVariable" storage="c:\users\nick\documents\projects\managed fusion (open source)\managedfusion.rewriter\tests\unit\bin\debug\managedfusion.rewriter.test.dll" id="03704e19-0403-4ec7-3628-376579771a2a">
      <Css projectStructure="" iteration="" />
      <Owners>
        <Owner name="" />
      </Owners>
      <Execution id="76bbcea8-2f7e-41fa-8b5c-ce02187aee7e" />
      <TestMethod codeBase="C:\Users\Nick\Documents\Projects\Managed Fusion (Open Source)\ManagedFusion.Rewriter\Tests\Unit\bin\Debug\ManagedFusion.Rewriter.Test.dll" adapterTypeName="Microsoft.VisualStudio.TestTools.TestTypes.Unit.UnitTestAdapter, Microsoft.VisualStudio.QualityTools.Tips.UnitTest.Adapter, Version=9.0.0.0, Culture=neutral, PublicKeyToken=b03f5f7f11d50a3a" className="ManagedFusion.Rewriter.Rules.Test.DefaultOutputRuleActionTest, ManagedFusion.Rewriter.Test" name="VerifyExecuteWithServerVariable" />
    </UnitTest>
    <UnitTest name="NoCase_Enabled" storage="c:\users\nick\documents\projects\managed fusion (open source)\managedfusion.rewriter\tests\unit\bin\debug\managedfusion.rewriter.test.dll" id="01bf85d9-28d5-5b35-8394-74da996c2e3e">
      <Css projectStructure="" iteration="" />
      <Owners>
        <Owner name="" />
      </Owners>
      <Execution id="1f7cd45a-98a5-4189-88b5-a81a3da3950e" />
      <TestMethod codeBase="C:\Users\Nick\Documents\Projects\Managed Fusion (Open Source)\ManagedFusion.Rewriter\Tests\Unit\bin\Debug\ManagedFusion.Rewriter.Test.dll" adapterTypeName="Microsoft.VisualStudio.TestTools.TestTypes.Unit.UnitTestAdapter, Microsoft.VisualStudio.QualityTools.Tips.UnitTest.Adapter, Version=9.0.0.0, Culture=neutral, PublicKeyToken=b03f5f7f11d50a3a" className="ManagedFusion.Rewriter.Test.Rules.Flags.NoCaseTest, ManagedFusion.Rewriter.Test" name="NoCase_Enabled" />
    </UnitTest>
    <UnitTest name="WordPress" storage="c:\users\nick\documents\projects\managed fusion (open source)\managedfusion.rewriter\tests\unit\bin\debug\managedfusion.rewriter.test.dll" id="fde35d16-16e8-d555-4aae-cc8b74634137">
      <Css projectStructure="" iteration="" />
      <Owners>
        <Owner name="" />
      </Owners>
      <Execution id="802fc542-8f3b-4827-87f7-cb7b7761d7d9" />
      <TestMethod codeBase="C:\Users\Nick\Documents\Projects\Managed Fusion (Open Source)\ManagedFusion.Rewriter\Tests\Unit\bin\Debug\ManagedFusion.Rewriter.Test.dll" adapterTypeName="Microsoft.VisualStudio.TestTools.TestTypes.Unit.UnitTestAdapter, Microsoft.VisualStudio.QualityTools.Tips.UnitTest.Adapter, Version=9.0.0.0, Culture=neutral, PublicKeyToken=b03f5f7f11d50a3a" className="ManagedFusion.Rewriter.Test.CommonUseTest, ManagedFusion.Rewriter.Test" name="WordPress" />
    </UnitTest>
    <UnitTest name="VerifyExecute" storage="c:\users\nick\documents\projects\managed fusion (open source)\managedfusion.rewriter\tests\unit\bin\debug\managedfusion.rewriter.test.dll" id="62e42b25-71cd-fc0c-57b8-d773bfd2a38f">
      <Css projectStructure="" iteration="" />
      <Owners>
        <Owner name="" />
      </Owners>
      <Execution id="abaac93c-20a7-4753-9cab-01eff9eee8bc" />
      <TestMethod codeBase="C:\Users\Nick\Documents\Projects\Managed Fusion (Open Source)\ManagedFusion.Rewriter\Tests\Unit\bin\Debug\ManagedFusion.Rewriter.Test.dll" adapterTypeName="Microsoft.VisualStudio.TestTools.TestTypes.Unit.UnitTestAdapter, Microsoft.VisualStudio.QualityTools.Tips.UnitTest.Adapter, Version=9.0.0.0, Culture=neutral, PublicKeyToken=b03f5f7f11d50a3a" className="ManagedFusion.Rewriter.Rules.Test.DefaultRuleActionTest, ManagedFusion.Rewriter.Test" name="VerifyExecute" />
    </UnitTest>
    <UnitTest name="ProxyAsyncType" storage="c:\users\nick\documents\projects\managed fusion (open source)\managedfusion.rewriter\tests\unit\bin\debug\managedfusion.rewriter.test.dll" id="b1b6dbce-42a8-a6ea-b84f-68a742637ef9">
      <Css projectStructure="" iteration="" />
      <Owners>
        <Owner name="" />
      </Owners>
      <Execution id="544ca8cc-d627-48ac-8e69-05694babb67d" />
      <TestMethod codeBase="C:\Users\Nick\Documents\Projects\Managed Fusion (Open Source)\ManagedFusion.Rewriter\Tests\Unit\bin\Debug\ManagedFusion.Rewriter.Test.dll" adapterTypeName="Microsoft.VisualStudio.TestTools.TestTypes.Unit.UnitTestAdapter, Microsoft.VisualStudio.QualityTools.Tips.UnitTest.Adapter, Version=9.0.0.0, Culture=neutral, PublicKeyToken=b03f5f7f11d50a3a" className="ManagedFusion.Rewriter.Test.ProxyTest, ManagedFusion.Rewriter.Test" name="ProxyAsyncType" />
    </UnitTest>
    <UnitTest name="VerifyExecute" storage="c:\users\nick\documents\projects\managed fusion (open source)\managedfusion.rewriter\tests\unit\bin\debug\managedfusion.rewriter.test.dll" id="a49f4ecd-7238-b358-95c8-1a3be0a7e929">
      <Css projectStructure="" iteration="" />
      <Owners>
        <Owner name="" />
      </Owners>
      <Execution id="cdd4fba5-c013-45fc-915c-4f43587c9700" />
      <TestMethod codeBase="C:\Users\Nick\Documents\Projects\Managed Fusion (Open Source)\ManagedFusion.Rewriter\Tests\Unit\bin\Debug\ManagedFusion.Rewriter.Test.dll" adapterTypeName="Microsoft.VisualStudio.TestTools.TestTypes.Unit.UnitTestAdapter, Microsoft.VisualStudio.QualityTools.Tips.UnitTest.Adapter, Version=9.0.0.0, Culture=neutral, PublicKeyToken=b03f5f7f11d50a3a" className="ManagedFusion.Rewriter.Rules.Test.DefaultOutputRuleActionTest, ManagedFusion.Rewriter.Test" name="VerifyExecute" />
    </UnitTest>
    <UnitTest name="Replace_ServerVariable" storage="c:\users\nick\documents\projects\managed fusion (open source)\managedfusion.rewriter\tests\unit\bin\debug\managedfusion.rewriter.test.dll" id="05b2caa2-4dc8-d7de-8ac7-f71c73024290">
      <Css projectStructure="" iteration="" />
      <Owners>
        <Owner name="" />
      </Owners>
      <Execution id="fb5b62a4-9f9a-4605-a3ec-a2380fa293c6" />
      <TestMethod codeBase="C:\Users\Nick\Documents\Projects\Managed Fusion (Open Source)\ManagedFusion.Rewriter\Tests\Unit\bin\Debug\ManagedFusion.Rewriter.Test.dll" adapterTypeName="Microsoft.VisualStudio.TestTools.TestTypes.Unit.UnitTestAdapter, Microsoft.VisualStudio.QualityTools.Tips.UnitTest.Adapter, Version=9.0.0.0, Culture=neutral, PublicKeyToken=b03f5f7f11d50a3a" className="ManagedFusion.Rewriter.Test.PatternTest, ManagedFusion.Rewriter.Test" name="Replace_ServerVariable" />
    </UnitTest>
    <UnitTest name="VerifyExecuteWithOneConditionalValue" storage="c:\users\nick\documents\projects\managed fusion (open source)\managedfusion.rewriter\tests\unit\bin\debug\managedfusion.rewriter.test.dll" id="9620b252-c03b-9ff4-a5b0-a4854560e9d2">
      <Css projectStructure="" iteration="" />
      <Owners>
        <Owner name="" />
      </Owners>
      <Execution id="4fcfe940-505e-479b-ae57-9e7dd95f0b12" />
      <TestMethod codeBase="C:\Users\Nick\Documents\Projects\Managed Fusion (Open Source)\ManagedFusion.Rewriter\Tests\Unit\bin\Debug\ManagedFusion.Rewriter.Test.dll" adapterTypeName="Microsoft.VisualStudio.TestTools.TestTypes.Unit.UnitTestAdapter, Microsoft.VisualStudio.QualityTools.Tips.UnitTest.Adapter, Version=9.0.0.0, Culture=neutral, PublicKeyToken=b03f5f7f11d50a3a" className="ManagedFusion.Rewriter.Rules.Test.DefaultRuleActionTest, ManagedFusion.Rewriter.Test" name="VerifyExecuteWithOneConditionalValue" />
    </UnitTest>
    <UnitTest name="QueryStringAppend_WithQueryString" storage="c:\users\nick\documents\projects\managed fusion (open source)\managedfusion.rewriter\tests\unit\bin\debug\managedfusion.rewriter.test.dll" id="12f6113d-e953-c955-331c-737fb1e2255d">
      <Css projectStructure="" iteration="" />
      <Owners>
        <Owner name="" />
      </Owners>
      <Execution id="93cfe182-42b8-42d2-aa2f-c642ebdf8a12" />
      <TestMethod codeBase="C:\Users\Nick\Documents\Projects\Managed Fusion (Open Source)\ManagedFusion.Rewriter\Tests\Unit\bin\Debug\ManagedFusion.Rewriter.Test.dll" adapterTypeName="Microsoft.VisualStudio.TestTools.TestTypes.Unit.UnitTestAdapter, Microsoft.VisualStudio.QualityTools.Tips.UnitTest.Adapter, Version=9.0.0.0, Culture=neutral, PublicKeyToken=b03f5f7f11d50a3a" className="ManagedFusion.Rewriter.Test.Rules.Flags.QueryStringAppendFlagTest, ManagedFusion.Rewriter.Test" name="QueryStringAppend_WithQueryString" />
    </UnitTest>
    <UnitTest name="InvertMatch_False" storage="c:\users\nick\documents\projects\managed fusion (open source)\managedfusion.rewriter\tests\unit\bin\debug\managedfusion.rewriter.test.dll" id="7bbb9d14-d1bb-00cc-0021-ff5eaa8a9c30">
      <Css projectStructure="" iteration="" />
      <Owners>
        <Owner name="" />
      </Owners>
      <Execution id="58358043-e8b8-487f-9f12-879a6f01a2f1" />
      <TestMethod codeBase="C:\Users\Nick\Documents\Projects\Managed Fusion (Open Source)\ManagedFusion.Rewriter\Tests\Unit\bin\Debug\ManagedFusion.Rewriter.Test.dll" adapterTypeName="Microsoft.VisualStudio.TestTools.TestTypes.Unit.UnitTestAdapter, Microsoft.VisualStudio.QualityTools.Tips.UnitTest.Adapter, Version=9.0.0.0, Culture=neutral, PublicKeyToken=b03f5f7f11d50a3a" className="ManagedFusion.Rewriter.Test.PatternTest, ManagedFusion.Rewriter.Test" name="InvertMatch_False" />
    </UnitTest>
    <UnitTest name="RewriteCondWithHttpHeader" storage="c:\users\nick\documents\projects\managed fusion (open source)\managedfusion.rewriter\tests\unit\bin\debug\managedfusion.rewriter.test.dll" id="f0b957b5-43d1-82c2-c039-bed91ca85385">
      <Css projectStructure="" iteration="" />
      <Owners>
        <Owner name="" />
      </Owners>
      <Execution id="0ff4b532-155d-45d5-8a69-76e410ba10a7" />
      <TestMethod codeBase="C:\Users\Nick\Documents\Projects\Managed Fusion (Open Source)\ManagedFusion.Rewriter\Tests\Unit\bin\Debug\ManagedFusion.Rewriter.Test.dll" adapterTypeName="Microsoft.VisualStudio.TestTools.TestTypes.Unit.UnitTestAdapter, Microsoft.VisualStudio.QualityTools.Tips.UnitTest.Adapter, Version=9.0.0.0, Culture=neutral, PublicKeyToken=b03f5f7f11d50a3a" className="ManagedFusion.Rewriter.Test.ApacheStyleTest, ManagedFusion.Rewriter.Test" name="RewriteCondWithHttpHeader" />
    </UnitTest>
    <UnitTest name="SimpleRule_WithCondition" storage="c:\users\nick\documents\projects\managed fusion (open source)\managedfusion.rewriter\tests\unit\bin\debug\managedfusion.rewriter.test.dll" id="de033c36-efed-744d-1db4-4ce50c4457ed">
      <Css projectStructure="" iteration="" />
      <Owners>
        <Owner name="" />
      </Owners>
      <Execution id="076c16cc-83f5-4506-bc59-268c689ffb44" />
      <TestMethod codeBase="C:\Users\Nick\Documents\Projects\Managed Fusion (Open Source)\ManagedFusion.Rewriter\Tests\Unit\bin\Debug\ManagedFusion.Rewriter.Test.dll" adapterTypeName="Microsoft.VisualStudio.TestTools.TestTypes.Unit.UnitTestAdapter, Microsoft.VisualStudio.QualityTools.Tips.UnitTest.Adapter, Version=9.0.0.0, Culture=neutral, PublicKeyToken=b03f5f7f11d50a3a" className="ManagedFusion.Rewriter.Test.ApacheStyleTest, ManagedFusion.Rewriter.Test" name="SimpleRule_WithCondition" />
    </UnitTest>
    <UnitTest name="SimpleRule" storage="c:\users\nick\documents\projects\managed fusion (open source)\managedfusion.rewriter\tests\unit\bin\debug\managedfusion.rewriter.test.dll" id="4242f48e-04d8-c77e-a35a-0012ccda7682">
      <Css projectStructure="" iteration="" />
      <Owners>
        <Owner name="" />
      </Owners>
      <Execution id="c508eadf-da3e-451b-b152-e63a6681dc65" />
      <TestMethod codeBase="C:\Users\Nick\Documents\Projects\Managed Fusion (Open Source)\ManagedFusion.Rewriter\Tests\Unit\bin\Debug\ManagedFusion.Rewriter.Test.dll" adapterTypeName="Microsoft.VisualStudio.TestTools.TestTypes.Unit.UnitTestAdapter, Microsoft.VisualStudio.QualityTools.Tips.UnitTest.Adapter, Version=9.0.0.0, Culture=neutral, PublicKeyToken=b03f5f7f11d50a3a" className="ManagedFusion.Rewriter.Test.ApacheStyleTest, ManagedFusion.Rewriter.Test" name="SimpleRule" />
    </UnitTest>
    <UnitTest name="ToString_False" storage="c:\users\nick\documents\projects\managed fusion (open source)\managedfusion.rewriter\tests\unit\bin\debug\managedfusion.rewriter.test.dll" id="bbd5444f-e1f6-0dee-27a1-13b925659074">
      <Css projectStructure="" iteration="" />
      <Owners>
        <Owner name="" />
      </Owners>
      <Execution id="c3a48695-211f-460f-935d-f47f6a25102b" />
      <TestMethod codeBase="C:\Users\Nick\Documents\Projects\Managed Fusion (Open Source)\ManagedFusion.Rewriter\Tests\Unit\bin\Debug\ManagedFusion.Rewriter.Test.dll" adapterTypeName="Microsoft.VisualStudio.TestTools.TestTypes.Unit.UnitTestAdapter, Microsoft.VisualStudio.QualityTools.Tips.UnitTest.Adapter, Version=9.0.0.0, Culture=neutral, PublicKeyToken=b03f5f7f11d50a3a" className="ManagedFusion.Rewriter.Test.PatternTest, ManagedFusion.Rewriter.Test" name="ToString_False" />
    </UnitTest>
    <UnitTest name="VerifyExecuteWithServerVariable" storage="c:\users\nick\documents\projects\managed fusion (open source)\managedfusion.rewriter\tests\unit\bin\debug\managedfusion.rewriter.test.dll" id="a2d70069-8de0-7718-8da9-2d906374fb5a">
      <Css projectStructure="" iteration="" />
      <Owners>
        <Owner name="" />
      </Owners>
      <Execution id="d8df48da-547e-4edf-acf2-d302f120d6e3" />
      <TestMethod codeBase="C:\Users\Nick\Documents\Projects\Managed Fusion (Open Source)\ManagedFusion.Rewriter\Tests\Unit\bin\Debug\ManagedFusion.Rewriter.Test.dll" adapterTypeName="Microsoft.VisualStudio.TestTools.TestTypes.Unit.UnitTestAdapter, Microsoft.VisualStudio.QualityTools.Tips.UnitTest.Adapter, Version=9.0.0.0, Culture=neutral, PublicKeyToken=b03f5f7f11d50a3a" className="ManagedFusion.Rewriter.Rules.Test.DefaultRuleActionTest, ManagedFusion.Rewriter.Test" name="VerifyExecuteWithServerVariable" />
    </UnitTest>
    <UnitTest name="QueryStringAppend_WithQueryString_NoQueryStringOnUrl" storage="c:\users\nick\documents\projects\managed fusion (open source)\managedfusion.rewriter\tests\unit\bin\debug\managedfusion.rewriter.test.dll" id="8aafa9bc-fa02-f7ef-c349-fd4b0568294c">
      <Css projectStructure="" iteration="" />
      <Owners>
        <Owner name="" />
      </Owners>
      <Execution id="070e3bd5-a4a3-4053-a6b6-0d45326e195e" />
      <TestMethod codeBase="C:\Users\Nick\Documents\Projects\Managed Fusion (Open Source)\ManagedFusion.Rewriter\Tests\Unit\bin\Debug\ManagedFusion.Rewriter.Test.dll" adapterTypeName="Microsoft.VisualStudio.TestTools.TestTypes.Unit.UnitTestAdapter, Microsoft.VisualStudio.QualityTools.Tips.UnitTest.Adapter, Version=9.0.0.0, Culture=neutral, PublicKeyToken=b03f5f7f11d50a3a" className="ManagedFusion.Rewriter.Test.Rules.Flags.QueryStringAppendFlagTest, ManagedFusion.Rewriter.Test" name="QueryStringAppend_WithQueryString_NoQueryStringOnUrl" />
    </UnitTest>
    <UnitTest name="ToString_True" storage="c:\users\nick\documents\projects\managed fusion (open source)\managedfusion.rewriter\tests\unit\bin\debug\managedfusion.rewriter.test.dll" id="0d39a281-d2d1-cc58-0cff-ad653dcd5baf">
      <Css projectStructure="" iteration="" />
      <Owners>
        <Owner name="" />
      </Owners>
      <Execution id="b26eb2cc-fda5-4c05-aa62-eaa046698ba0" />
      <TestMethod codeBase="C:\Users\Nick\Documents\Projects\Managed Fusion (Open Source)\ManagedFusion.Rewriter\Tests\Unit\bin\Debug\ManagedFusion.Rewriter.Test.dll" adapterTypeName="Microsoft.VisualStudio.TestTools.TestTypes.Unit.UnitTestAdapter, Microsoft.VisualStudio.QualityTools.Tips.UnitTest.Adapter, Version=9.0.0.0, Culture=neutral, PublicKeyToken=b03f5f7f11d50a3a" className="ManagedFusion.Rewriter.Test.PatternTest, ManagedFusion.Rewriter.Test" name="ToString_True" />
    </UnitTest>
    <UnitTest name="OrNext_NotlMatched" storage="c:\users\nick\documents\projects\managed fusion (open source)\managedfusion.rewriter\tests\unit\bin\debug\managedfusion.rewriter.test.dll" id="8802b187-31d4-f320-b25a-8b93f7ba72d3">
      <Css projectStructure="" iteration="" />
      <Owners>
        <Owner name="" />
      </Owners>
      <Execution id="45b8e622-406a-4942-9389-387be58a2df7" />
      <TestMethod codeBase="C:\Users\Nick\Documents\Projects\Managed Fusion (Open Source)\ManagedFusion.Rewriter\Tests\Unit\bin\Debug\ManagedFusion.Rewriter.Test.dll" adapterTypeName="Microsoft.VisualStudio.TestTools.TestTypes.Unit.UnitTestAdapter, Microsoft.VisualStudio.QualityTools.Tips.UnitTest.Adapter, Version=9.0.0.0, Culture=neutral, PublicKeyToken=b03f5f7f11d50a3a" className="ManagedFusion.Rewriter.Test.Conditions.Flags.OrNextTest, ManagedFusion.Rewriter.Test" name="OrNext_NotlMatched" />
    </UnitTest>
    <UnitTest name="InvertMatch_True" storage="c:\users\nick\documents\projects\managed fusion (open source)\managedfusion.rewriter\tests\unit\bin\debug\managedfusion.rewriter.test.dll" id="dfad8bb3-a885-cd20-2adc-7fbec427ffe9">
      <Css projectStructure="" iteration="" />
      <Owners>
        <Owner name="" />
      </Owners>
      <Execution id="79847ccd-f555-4ee9-9e4c-fbfb19fd9a4d" />
      <TestMethod codeBase="C:\Users\Nick\Documents\Projects\Managed Fusion (Open Source)\ManagedFusion.Rewriter\Tests\Unit\bin\Debug\ManagedFusion.Rewriter.Test.dll" adapterTypeName="Microsoft.VisualStudio.TestTools.TestTypes.Unit.UnitTestAdapter, Microsoft.VisualStudio.QualityTools.Tips.UnitTest.Adapter, Version=9.0.0.0, Culture=neutral, PublicKeyToken=b03f5f7f11d50a3a" className="ManagedFusion.Rewriter.Test.PatternTest, ManagedFusion.Rewriter.Test" name="InvertMatch_True" />
    </UnitTest>
    <UnitTest name="ToString" storage="c:\users\nick\documents\projects\managed fusion (open source)\managedfusion.rewriter\tests\unit\bin\debug\managedfusion.rewriter.test.dll" id="d1844e24-1ebd-397c-8e9f-4726701f6819">
      <Css projectStructure="" iteration="" />
      <Owners>
        <Owner name="" />
      </Owners>
      <Execution id="e1177077-7c73-4b10-a02d-b1edeefe0798" />
      <TestMethod codeBase="C:\Users\Nick\Documents\Projects\Managed Fusion (Open Source)\ManagedFusion.Rewriter\Tests\Unit\bin\Debug\ManagedFusion.Rewriter.Test.dll" adapterTypeName="Microsoft.VisualStudio.TestTools.TestTypes.Unit.UnitTestAdapter, Microsoft.VisualStudio.QualityTools.Tips.UnitTest.Adapter, Version=9.0.0.0, Culture=neutral, PublicKeyToken=b03f5f7f11d50a3a" className="ManagedFusion.Rewriter.Test.PatternTest, ManagedFusion.Rewriter.Test" name="ToString" />
    </UnitTest>
    <UnitTest name="NoCase_Disabled" storage="c:\users\nick\documents\projects\managed fusion (open source)\managedfusion.rewriter\tests\unit\bin\debug\managedfusion.rewriter.test.dll" id="cd35395e-cf6c-f797-2fff-e5d3622418cd">
      <Css projectStructure="" iteration="" />
      <Owners>
        <Owner name="" />
      </Owners>
      <Execution id="83000c3b-b71d-49c6-997b-6f169124abb4" />
      <TestMethod codeBase="C:\Users\Nick\Documents\Projects\Managed Fusion (Open Source)\ManagedFusion.Rewriter\Tests\Unit\bin\Debug\ManagedFusion.Rewriter.Test.dll" adapterTypeName="Microsoft.VisualStudio.TestTools.TestTypes.Unit.UnitTestAdapter, Microsoft.VisualStudio.QualityTools.Tips.UnitTest.Adapter, Version=9.0.0.0, Culture=neutral, PublicKeyToken=b03f5f7f11d50a3a" className="ManagedFusion.Rewriter.Test.Rules.Flags.NoCaseTest, ManagedFusion.Rewriter.Test" name="NoCase_Disabled" />
    </UnitTest>
    <UnitTest name="NoCase_Enabled" storage="c:\users\nick\documents\projects\managed fusion (open source)\managedfusion.rewriter\tests\unit\bin\debug\managedfusion.rewriter.test.dll" id="6c64c205-ed6c-81e6-93bb-ef08219d4290">
      <Css projectStructure="" iteration="" />
      <Owners>
        <Owner name="" />
      </Owners>
      <Execution id="987f618c-4549-4b0d-a60f-dd83a5253db7" />
      <TestMethod codeBase="C:\Users\Nick\Documents\Projects\Managed Fusion (Open Source)\ManagedFusion.Rewriter\Tests\Unit\bin\Debug\ManagedFusion.Rewriter.Test.dll" adapterTypeName="Microsoft.VisualStudio.TestTools.TestTypes.Unit.UnitTestAdapter, Microsoft.VisualStudio.QualityTools.Tips.UnitTest.Adapter, Version=9.0.0.0, Culture=neutral, PublicKeyToken=b03f5f7f11d50a3a" className="ManagedFusion.Rewriter.Test.Conditions.Flags.NoCaseTest, ManagedFusion.Rewriter.Test" name="NoCase_Enabled" />
    </UnitTest>
    <UnitTest name="OrNext_LastMatched" storage="c:\users\nick\documents\projects\managed fusion (open source)\managedfusion.rewriter\tests\unit\bin\debug\managedfusion.rewriter.test.dll" id="5de29529-1904-95d7-de17-af5d02036249">
      <Css projectStructure="" iteration="" />
      <Owners>
        <Owner name="" />
      </Owners>
      <Execution id="20eefb53-cf79-4ed3-b216-783b0f746673" />
      <TestMethod codeBase="C:\Users\Nick\Documents\Projects\Managed Fusion (Open Source)\ManagedFusion.Rewriter\Tests\Unit\bin\Debug\ManagedFusion.Rewriter.Test.dll" adapterTypeName="Microsoft.VisualStudio.TestTools.TestTypes.Unit.UnitTestAdapter, Microsoft.VisualStudio.QualityTools.Tips.UnitTest.Adapter, Version=9.0.0.0, Culture=neutral, PublicKeyToken=b03f5f7f11d50a3a" className="ManagedFusion.Rewriter.Test.Conditions.Flags.OrNextTest, ManagedFusion.Rewriter.Test" name="OrNext_LastMatched" />
    </UnitTest>
    <UnitTest name="Chain_MiddleNotMatched" storage="c:\users\nick\documents\projects\managed fusion (open source)\managedfusion.rewriter\tests\unit\bin\debug\managedfusion.rewriter.test.dll" id="3e890936-6857-4986-06a6-f310c3e56d41">
      <Css projectStructure="" iteration="" />
      <Owners>
        <Owner name="" />
      </Owners>
      <Execution id="33073cce-bb3f-4e21-a310-ac0a0a9add3e" />
      <TestMethod codeBase="C:\Users\Nick\Documents\Projects\Managed Fusion (Open Source)\ManagedFusion.Rewriter\Tests\Unit\bin\Debug\ManagedFusion.Rewriter.Test.dll" adapterTypeName="Microsoft.VisualStudio.TestTools.TestTypes.Unit.UnitTestAdapter, Microsoft.VisualStudio.QualityTools.Tips.UnitTest.Adapter, Version=9.0.0.0, Culture=neutral, PublicKeyToken=b03f5f7f11d50a3a" className="ManagedFusion.Rewriter.Test.Rules.Flags.ChainFlagTest, ManagedFusion.Rewriter.Test" name="Chain_MiddleNotMatched" />
    </UnitTest>
    <UnitTest name="OrNext_FirstMatched" storage="c:\users\nick\documents\projects\managed fusion (open source)\managedfusion.rewriter\tests\unit\bin\debug\managedfusion.rewriter.test.dll" id="940e65be-acc6-b3c2-4e3c-ef703615908c">
      <Css projectStructure="" iteration="" />
      <Owners>
        <Owner name="" />
      </Owners>
      <Execution id="737fd8a6-84c0-4517-8de5-afe409b8d583" />
      <TestMethod codeBase="C:\Users\Nick\Documents\Projects\Managed Fusion (Open Source)\ManagedFusion.Rewriter\Tests\Unit\bin\Debug\ManagedFusion.Rewriter.Test.dll" adapterTypeName="Microsoft.VisualStudio.TestTools.TestTypes.Unit.UnitTestAdapter, Microsoft.VisualStudio.QualityTools.Tips.UnitTest.Adapter, Version=9.0.0.0, Culture=neutral, PublicKeyToken=b03f5f7f11d50a3a" className="ManagedFusion.Rewriter.Test.Conditions.Flags.OrNextTest, ManagedFusion.Rewriter.Test" name="OrNext_FirstMatched" />
    </UnitTest>
    <UnitTest name="Last_Middle" storage="c:\users\nick\documents\projects\managed fusion (open source)\managedfusion.rewriter\tests\unit\bin\debug\managedfusion.rewriter.test.dll" id="697f3c34-8fc2-e439-3501-0e3d8086810c">
      <Css projectStructure="" iteration="" />
      <Owners>
        <Owner name="" />
      </Owners>
      <Execution id="4f9bbcc1-9dd1-4a6c-8e60-58a8e1ae3e71" />
      <TestMethod codeBase="C:\Users\Nick\Documents\Projects\Managed Fusion (Open Source)\ManagedFusion.Rewriter\Tests\Unit\bin\Debug\ManagedFusion.Rewriter.Test.dll" adapterTypeName="Microsoft.VisualStudio.TestTools.TestTypes.Unit.UnitTestAdapter, Microsoft.VisualStudio.QualityTools.Tips.UnitTest.Adapter, Version=9.0.0.0, Culture=neutral, PublicKeyToken=b03f5f7f11d50a3a" className="ManagedFusion.Rewriter.Test.Rules.Flags.LastFlagTest, ManagedFusion.Rewriter.Test" name="Last_Middle" />
    </UnitTest>
    <UnitTest name="ForceHostToUseWww" storage="c:\users\nick\documents\projects\managed fusion (open source)\managedfusion.rewriter\tests\unit\bin\debug\managedfusion.rewriter.test.dll" id="6f8929fd-fa82-ef38-e04f-0bb0e74696ae">
      <Css projectStructure="" iteration="" />
      <Owners>
        <Owner name="" />
      </Owners>
      <Execution id="75821a21-fb04-4079-a6eb-2f5c18e5dcc8" />
      <TestMethod codeBase="C:\Users\Nick\Documents\Projects\Managed Fusion (Open Source)\ManagedFusion.Rewriter\Tests\Unit\bin\Debug\ManagedFusion.Rewriter.Test.dll" adapterTypeName="Microsoft.VisualStudio.TestTools.TestTypes.Unit.UnitTestAdapter, Microsoft.VisualStudio.QualityTools.Tips.UnitTest.Adapter, Version=9.0.0.0, Culture=neutral, PublicKeyToken=b03f5f7f11d50a3a" className="ManagedFusion.Rewriter.Test.CommonUseTest, ManagedFusion.Rewriter.Test" name="ForceHostToUseWww" />
    </UnitTest>
    <UnitTest name="Chain_Matched" storage="c:\users\nick\documents\projects\managed fusion (open source)\managedfusion.rewriter\tests\unit\bin\debug\managedfusion.rewriter.test.dll" id="5afd7dca-3d53-1412-c033-74f373fe308e">
      <Css projectStructure="" iteration="" />
      <Owners>
        <Owner name="" />
      </Owners>
      <Execution id="8c820185-d6c7-4947-87e1-32fb27926c5e" />
      <TestMethod codeBase="C:\Users\Nick\Documents\Projects\Managed Fusion (Open Source)\ManagedFusion.Rewriter\Tests\Unit\bin\Debug\ManagedFusion.Rewriter.Test.dll" adapterTypeName="Microsoft.VisualStudio.TestTools.TestTypes.Unit.UnitTestAdapter, Microsoft.VisualStudio.QualityTools.Tips.UnitTest.Adapter, Version=9.0.0.0, Culture=neutral, PublicKeyToken=b03f5f7f11d50a3a" className="ManagedFusion.Rewriter.Test.Rules.Flags.ChainFlagTest, ManagedFusion.Rewriter.Test" name="Chain_Matched" />
    </UnitTest>
    <UnitTest name="Chain_LastNotMatched" storage="c:\users\nick\documents\projects\managed fusion (open source)\managedfusion.rewriter\tests\unit\bin\debug\managedfusion.rewriter.test.dll" id="4249aa41-497b-e4ca-f0c5-1694ed263f2e">
      <Css projectStructure="" iteration="" />
      <Owners>
        <Owner name="" />
      </Owners>
      <Execution id="10850148-9a0b-4aef-80bb-3e9cf68e026b" />
      <TestMethod codeBase="C:\Users\Nick\Documents\Projects\Managed Fusion (Open Source)\ManagedFusion.Rewriter\Tests\Unit\bin\Debug\ManagedFusion.Rewriter.Test.dll" adapterTypeName="Microsoft.VisualStudio.TestTools.TestTypes.Unit.UnitTestAdapter, Microsoft.VisualStudio.QualityTools.Tips.UnitTest.Adapter, Version=9.0.0.0, Culture=neutral, PublicKeyToken=b03f5f7f11d50a3a" className="ManagedFusion.Rewriter.Test.Rules.Flags.ChainFlagTest, ManagedFusion.Rewriter.Test" name="Chain_LastNotMatched" />
    </UnitTest>
    <UnitTest name="QueryStringAppend_WithOutQueryString_NoQueryStringOnUrl" storage="c:\users\nick\documents\projects\managed fusion (open source)\managedfusion.rewriter\tests\unit\bin\debug\managedfusion.rewriter.test.dll" id="8ec321b9-df7e-5811-af28-5889b34ea126">
      <Css projectStructure="" iteration="" />
      <Owners>
        <Owner name="" />
      </Owners>
      <Execution id="db908fba-ddea-4595-a735-93bbb97b82e4" />
      <TestMethod codeBase="C:\Users\Nick\Documents\Projects\Managed Fusion (Open Source)\ManagedFusion.Rewriter\Tests\Unit\bin\Debug\ManagedFusion.Rewriter.Test.dll" adapterTypeName="Microsoft.VisualStudio.TestTools.TestTypes.Unit.UnitTestAdapter, Microsoft.VisualStudio.QualityTools.Tips.UnitTest.Adapter, Version=9.0.0.0, Culture=neutral, PublicKeyToken=b03f5f7f11d50a3a" className="ManagedFusion.Rewriter.Test.Rules.Flags.QueryStringAppendFlagTest, ManagedFusion.Rewriter.Test" name="QueryStringAppend_WithOutQueryString_NoQueryStringOnUrl" />
    </UnitTest>
    <UnitTest name="OrNext_MiddleMatched" storage="c:\users\nick\documents\projects\managed fusion (open source)\managedfusion.rewriter\tests\unit\bin\debug\managedfusion.rewriter.test.dll" id="1412cdb9-1f81-64d7-585d-d013c7d7527c">
      <Css projectStructure="" iteration="" />
      <Owners>
        <Owner name="" />
      </Owners>
      <Execution id="b66fd333-2daa-4744-bd1f-a90f9bfd2796" />
      <TestMethod codeBase="C:\Users\Nick\Documents\Projects\Managed Fusion (Open Source)\ManagedFusion.Rewriter\Tests\Unit\bin\Debug\ManagedFusion.Rewriter.Test.dll" adapterTypeName="Microsoft.VisualStudio.TestTools.TestTypes.Unit.UnitTestAdapter, Microsoft.VisualStudio.QualityTools.Tips.UnitTest.Adapter, Version=9.0.0.0, Culture=neutral, PublicKeyToken=b03f5f7f11d50a3a" className="ManagedFusion.Rewriter.Test.Conditions.Flags.OrNextTest, ManagedFusion.Rewriter.Test" name="OrNext_MiddleMatched" />
    </UnitTest>
    <UnitTest name="RewriteModule_IRuleAction" storage="c:\users\nick\documents\projects\managed fusion (open source)\managedfusion.rewriter\tests\unit\bin\debug\managedfusion.rewriter.test.dll" id="8e1b2ab8-8ac1-5707-1174-44639a000966">
      <Css projectStructure="" iteration="" />
      <Owners>
        <Owner name="" />
      </Owners>
      <Execution id="1a57e23b-26bc-41be-8d28-e0a43f458e70" />
      <TestMethod codeBase="C:\Users\Nick\Documents\Projects\Managed Fusion (Open Source)\ManagedFusion.Rewriter\Tests\Unit\bin\Debug\ManagedFusion.Rewriter.Test.dll" adapterTypeName="Microsoft.VisualStudio.TestTools.TestTypes.Unit.UnitTestAdapter, Microsoft.VisualStudio.QualityTools.Tips.UnitTest.Adapter, Version=9.0.0.0, Culture=neutral, PublicKeyToken=b03f5f7f11d50a3a" className="ManagedFusion.Rewriter.Test.ApacheStyleTest, ManagedFusion.Rewriter.Test" name="RewriteModule_IRuleAction" />
    </UnitTest>
    <UnitTest name="AddTrailingSlash" storage="c:\users\nick\documents\projects\managed fusion (open source)\managedfusion.rewriter\tests\unit\bin\debug\managedfusion.rewriter.test.dll" id="c1cf6e67-8cb2-fc07-270c-dbe9e35a967a">
      <Css projectStructure="" iteration="" />
      <Owners>
        <Owner name="" />
      </Owners>
      <Execution id="219dfab2-6bff-413c-b988-5fde2b7b9eb4" />
      <TestMethod codeBase="C:\Users\Nick\Documents\Projects\Managed Fusion (Open Source)\ManagedFusion.Rewriter\Tests\Unit\bin\Debug\ManagedFusion.Rewriter.Test.dll" adapterTypeName="Microsoft.VisualStudio.TestTools.TestTypes.Unit.UnitTestAdapter, Microsoft.VisualStudio.QualityTools.Tips.UnitTest.Adapter, Version=9.0.0.0, Culture=neutral, PublicKeyToken=b03f5f7f11d50a3a" className="ManagedFusion.Rewriter.Test.CommonUseTest, ManagedFusion.Rewriter.Test" name="AddTrailingSlash" />
    </UnitTest>
    <UnitTest name="VerifyExecuteWithNineConditionalValues" storage="c:\users\nick\documents\projects\managed fusion (open source)\managedfusion.rewriter\tests\unit\bin\debug\managedfusion.rewriter.test.dll" id="442939cc-db83-a0a1-14e7-db3406b8c7d8">
      <Css projectStructure="" iteration="" />
      <Owners>
        <Owner name="" />
      </Owners>
      <Execution id="f142c49e-580f-4136-ab64-34c18e44a8b9" />
      <TestMethod codeBase="C:\Users\Nick\Documents\Projects\Managed Fusion (Open Source)\ManagedFusion.Rewriter\Tests\Unit\bin\Debug\ManagedFusion.Rewriter.Test.dll" adapterTypeName="Microsoft.VisualStudio.TestTools.TestTypes.Unit.UnitTestAdapter, Microsoft.VisualStudio.QualityTools.Tips.UnitTest.Adapter, Version=9.0.0.0, Culture=neutral, PublicKeyToken=b03f5f7f11d50a3a" className="ManagedFusion.Rewriter.Rules.Test.DefaultOutputRuleActionTest, ManagedFusion.Rewriter.Test" name="VerifyExecuteWithNineConditionalValues" />
    </UnitTest>
    <UnitTest name="Chain_FinalNotMatched" storage="c:\users\nick\documents\projects\managed fusion (open source)\managedfusion.rewriter\tests\unit\bin\debug\managedfusion.rewriter.test.dll" id="7ff8b428-89e7-f9b6-6789-df461ef64c19">
      <Css projectStructure="" iteration="" />
      <Owners>
        <Owner name="" />
      </Owners>
      <Execution id="98b3e101-6688-4632-8068-bfa24c89fec9" />
      <TestMethod codeBase="C:\Users\Nick\Documents\Projects\Managed Fusion (Open Source)\ManagedFusion.Rewriter\Tests\Unit\bin\Debug\ManagedFusion.Rewriter.Test.dll" adapterTypeName="Microsoft.VisualStudio.TestTools.TestTypes.Unit.UnitTestAdapter, Microsoft.VisualStudio.QualityTools.Tips.UnitTest.Adapter, Version=9.0.0.0, Culture=neutral, PublicKeyToken=b03f5f7f11d50a3a" className="ManagedFusion.Rewriter.Test.Rules.Flags.ChainFlagTest, ManagedFusion.Rewriter.Test" name="Chain_FinalNotMatched" />
    </UnitTest>
    <UnitTest name="RewriteCondWithServerVariable" storage="c:\users\nick\documents\projects\managed fusion (open source)\managedfusion.rewriter\tests\unit\bin\debug\managedfusion.rewriter.test.dll" id="61dbd89a-ae84-9d78-70cc-5b033157abba">
      <Css projectStructure="" iteration="" />
      <Owners>
        <Owner name="" />
      </Owners>
      <Execution id="dac737af-a8b5-43ac-a814-5b6cd32b51c3" />
      <TestMethod codeBase="C:\Users\Nick\Documents\Projects\Managed Fusion (Open Source)\ManagedFusion.Rewriter\Tests\Unit\bin\Debug\ManagedFusion.Rewriter.Test.dll" adapterTypeName="Microsoft.VisualStudio.TestTools.TestTypes.Unit.UnitTestAdapter, Microsoft.VisualStudio.QualityTools.Tips.UnitTest.Adapter, Version=9.0.0.0, Culture=neutral, PublicKeyToken=b03f5f7f11d50a3a" className="ManagedFusion.Rewriter.Test.ApacheStyleTest, ManagedFusion.Rewriter.Test" name="RewriteCondWithServerVariable" />
    </UnitTest>
    <UnitTest name="Last_Final" storage="c:\users\nick\documents\projects\managed fusion (open source)\managedfusion.rewriter\tests\unit\bin\debug\managedfusion.rewriter.test.dll" id="1245d3e4-9e42-1c4f-7694-c5b71866b4e9">
      <Css projectStructure="" iteration="" />
      <Owners>
        <Owner name="" />
      </Owners>
      <Execution id="46dbde23-3ab3-4946-bb99-872a272179e2" />
      <TestMethod codeBase="C:\Users\Nick\Documents\Projects\Managed Fusion (Open Source)\ManagedFusion.Rewriter\Tests\Unit\bin\Debug\ManagedFusion.Rewriter.Test.dll" adapterTypeName="Microsoft.VisualStudio.TestTools.TestTypes.Unit.UnitTestAdapter, Microsoft.VisualStudio.QualityTools.Tips.UnitTest.Adapter, Version=9.0.0.0, Culture=neutral, PublicKeyToken=b03f5f7f11d50a3a" className="ManagedFusion.Rewriter.Test.Rules.Flags.LastFlagTest, ManagedFusion.Rewriter.Test" name="Last_Final" />
    </UnitTest>
    <UnitTest name="Skip" storage="c:\users\nick\documents\projects\managed fusion (open source)\managedfusion.rewriter\tests\unit\bin\debug\managedfusion.rewriter.test.dll" id="d41cb399-0b3b-3c40-8e66-de9df933608d">
      <Css projectStructure="" iteration="" />
      <Owners>
        <Owner name="" />
      </Owners>
      <Execution id="eff4db8b-9c24-4200-8153-9cd0e85e58fb" />
      <TestMethod codeBase="C:\Users\Nick\Documents\Projects\Managed Fusion (Open Source)\ManagedFusion.Rewriter\Tests\Unit\bin\Debug\ManagedFusion.Rewriter.Test.dll" adapterTypeName="Microsoft.VisualStudio.TestTools.TestTypes.Unit.UnitTestAdapter, Microsoft.VisualStudio.QualityTools.Tips.UnitTest.Adapter, Version=9.0.0.0, Culture=neutral, PublicKeyToken=b03f5f7f11d50a3a" className="ManagedFusion.Rewriter.Test.Rules.Flags.SkipRuleFlagTest, ManagedFusion.Rewriter.Test" name="Skip" />
    </UnitTest>
    <UnitTest name="VerifyExecuteWithTenConditionalValues" storage="c:\users\nick\documents\projects\managed fusion (open source)\managedfusion.rewriter\tests\unit\bin\debug\managedfusion.rewriter.test.dll" id="6717138f-8c63-28be-57bc-8c0bdd7192a1">
      <Css projectStructure="" iteration="" />
      <Owners>
        <Owner name="" />
      </Owners>
      <Execution id="c59894af-f334-40bb-8ff1-b8c900f7e7ef" />
      <TestMethod codeBase="C:\Users\Nick\Documents\Projects\Managed Fusion (Open Source)\ManagedFusion.Rewriter\Tests\Unit\bin\Debug\ManagedFusion.Rewriter.Test.dll" adapterTypeName="Microsoft.VisualStudio.TestTools.TestTypes.Unit.UnitTestAdapter, Microsoft.VisualStudio.QualityTools.Tips.UnitTest.Adapter, Version=9.0.0.0, Culture=neutral, PublicKeyToken=b03f5f7f11d50a3a" className="ManagedFusion.Rewriter.Rules.Test.DefaultRuleActionTest, ManagedFusion.Rewriter.Test" name="VerifyExecuteWithTenConditionalValues" />
    </UnitTest>
    <UnitTest name="SimpleRule_WithComplexCondition" storage="c:\users\nick\documents\projects\managed fusion (open source)\managedfusion.rewriter\tests\unit\bin\debug\managedfusion.rewriter.test.dll" id="ac67d3d1-304b-dd0c-3115-d18a303c218f">
      <Css projectStructure="" iteration="" />
      <Owners>
        <Owner name="" />
      </Owners>
      <Execution id="c2210bc8-e956-4612-996b-822211ebaf25" />
      <TestMethod codeBase="C:\Users\Nick\Documents\Projects\Managed Fusion (Open Source)\ManagedFusion.Rewriter\Tests\Unit\bin\Debug\ManagedFusion.Rewriter.Test.dll" adapterTypeName="Microsoft.VisualStudio.TestTools.TestTypes.Unit.UnitTestAdapter, Microsoft.VisualStudio.QualityTools.Tips.UnitTest.Adapter, Version=9.0.0.0, Culture=neutral, PublicKeyToken=b03f5f7f11d50a3a" className="ManagedFusion.Rewriter.Test.ApacheStyleTest, ManagedFusion.Rewriter.Test" name="SimpleRule_WithComplexCondition" />
    </UnitTest>
    <UnitTest name="OrNext_FinalMatched" storage="c:\users\nick\documents\projects\managed fusion (open source)\managedfusion.rewriter\tests\unit\bin\debug\managedfusion.rewriter.test.dll" id="596269cd-16ac-2940-48cd-6d8261408c8d">
      <Css projectStructure="" iteration="" />
      <Owners>
        <Owner name="" />
      </Owners>
      <Execution id="9408644c-122d-49cf-a6f4-694422a679b2" />
      <TestMethod codeBase="C:\Users\Nick\Documents\Projects\Managed Fusion (Open Source)\ManagedFusion.Rewriter\Tests\Unit\bin\Debug\ManagedFusion.Rewriter.Test.dll" adapterTypeName="Microsoft.VisualStudio.TestTools.TestTypes.Unit.UnitTestAdapter, Microsoft.VisualStudio.QualityTools.Tips.UnitTest.Adapter, Version=9.0.0.0, Culture=neutral, PublicKeyToken=b03f5f7f11d50a3a" className="ManagedFusion.Rewriter.Test.Conditions.Flags.OrNextTest, ManagedFusion.Rewriter.Test" name="OrNext_FinalMatched" />
    </UnitTest>
    <UnitTest name="Chain_FirstNotMatched" storage="c:\users\nick\documents\projects\managed fusion (open source)\managedfusion.rewriter\tests\unit\bin\debug\managedfusion.rewriter.test.dll" id="7031dde7-6a31-f061-5214-22935b5c314f">
      <Css projectStructure="" iteration="" />
      <Owners>
        <Owner name="" />
      </Owners>
      <Execution id="c4fbe3bd-efe9-4642-834f-12e2138dffd3" />
      <TestMethod codeBase="C:\Users\Nick\Documents\Projects\Managed Fusion (Open Source)\ManagedFusion.Rewriter\Tests\Unit\bin\Debug\ManagedFusion.Rewriter.Test.dll" adapterTypeName="Microsoft.VisualStudio.TestTools.TestTypes.Unit.UnitTestAdapter, Microsoft.VisualStudio.QualityTools.Tips.UnitTest.Adapter, Version=9.0.0.0, Culture=neutral, PublicKeyToken=b03f5f7f11d50a3a" className="ManagedFusion.Rewriter.Test.Rules.Flags.ChainFlagTest, ManagedFusion.Rewriter.Test" name="Chain_FirstNotMatched" />
    </UnitTest>
    <UnitTest name="Next" storage="c:\users\nick\documents\projects\managed fusion (open source)\managedfusion.rewriter\tests\unit\bin\debug\managedfusion.rewriter.test.dll" id="6203017b-f0f0-69a4-43de-f73bb061e892">
      <Css projectStructure="" iteration="" />
      <Owners>
        <Owner name="" />
      </Owners>
      <Execution id="e0017ad8-c155-4747-b3d4-806af8fcfc63" />
      <TestMethod codeBase="C:\Users\Nick\Documents\Projects\Managed Fusion (Open Source)\ManagedFusion.Rewriter\Tests\Unit\bin\Debug\ManagedFusion.Rewriter.Test.dll" adapterTypeName="Microsoft.VisualStudio.TestTools.TestTypes.Unit.UnitTestAdapter, Microsoft.VisualStudio.QualityTools.Tips.UnitTest.Adapter, Version=9.0.0.0, Culture=neutral, PublicKeyToken=b03f5f7f11d50a3a" className="ManagedFusion.Rewriter.Test.Rules.Flags.NextRuleFlagTest, ManagedFusion.Rewriter.Test" name="Next" />
    </UnitTest>
    <UnitTest name="VerifyExecuteWithTenConditionalValues" storage="c:\users\nick\documents\projects\managed fusion (open source)\managedfusion.rewriter\tests\unit\bin\debug\managedfusion.rewriter.test.dll" id="81ae2999-0b0a-4f34-f4de-08b6c43ba20a">
      <Css projectStructure="" iteration="" />
      <Owners>
        <Owner name="" />
      </Owners>
      <Execution id="da9ef11a-638e-4eb2-9b85-bb4d2b3d967d" />
      <TestMethod codeBase="C:\Users\Nick\Documents\Projects\Managed Fusion (Open Source)\ManagedFusion.Rewriter\Tests\Unit\bin\Debug\ManagedFusion.Rewriter.Test.dll" adapterTypeName="Microsoft.VisualStudio.TestTools.TestTypes.Unit.UnitTestAdapter, Microsoft.VisualStudio.QualityTools.Tips.UnitTest.Adapter, Version=9.0.0.0, Culture=neutral, PublicKeyToken=b03f5f7f11d50a3a" className="ManagedFusion.Rewriter.Rules.Test.DefaultOutputRuleActionTest, ManagedFusion.Rewriter.Test" name="VerifyExecuteWithTenConditionalValues" />
    </UnitTest>
    <UnitTest name="VerifyExecuteWithNineConditionalValues" storage="c:\users\nick\documents\projects\managed fusion (open source)\managedfusion.rewriter\tests\unit\bin\debug\managedfusion.rewriter.test.dll" id="8aa42663-ef25-f93a-bcab-9c2f5fd2c357">
      <Css projectStructure="" iteration="" />
      <Owners>
        <Owner name="" />
      </Owners>
      <Execution id="0330fcf8-bdc0-45f7-a6bc-00cafd9ab3af" />
      <TestMethod codeBase="C:\Users\Nick\Documents\Projects\Managed Fusion (Open Source)\ManagedFusion.Rewriter\Tests\Unit\bin\Debug\ManagedFusion.Rewriter.Test.dll" adapterTypeName="Microsoft.VisualStudio.TestTools.TestTypes.Unit.UnitTestAdapter, Microsoft.VisualStudio.QualityTools.Tips.UnitTest.Adapter, Version=9.0.0.0, Culture=neutral, PublicKeyToken=b03f5f7f11d50a3a" className="ManagedFusion.Rewriter.Rules.Test.DefaultRuleActionTest, ManagedFusion.Rewriter.Test" name="VerifyExecuteWithNineConditionalValues" />
    </UnitTest>
    <UnitTest name="QueryStringAppend_WithOutQueryString" storage="c:\users\nick\documents\projects\managed fusion (open source)\managedfusion.rewriter\tests\unit\bin\debug\managedfusion.rewriter.test.dll" id="a8eca9e4-21ec-3065-30d5-5fdc0380d052">
      <Css projectStructure="" iteration="" />
      <Owners>
        <Owner name="" />
      </Owners>
      <Execution id="f39e8dab-2d91-420f-ba8d-fc9b49f0d84b" />
      <TestMethod codeBase="C:\Users\Nick\Documents\Projects\Managed Fusion (Open Source)\ManagedFusion.Rewriter\Tests\Unit\bin\Debug\ManagedFusion.Rewriter.Test.dll" adapterTypeName="Microsoft.VisualStudio.TestTools.TestTypes.Unit.UnitTestAdapter, Microsoft.VisualStudio.QualityTools.Tips.UnitTest.Adapter, Version=9.0.0.0, Culture=neutral, PublicKeyToken=b03f5f7f11d50a3a" className="ManagedFusion.Rewriter.Test.Rules.Flags.QueryStringAppendFlagTest, ManagedFusion.Rewriter.Test" name="QueryStringAppend_WithOutQueryString" />
    </UnitTest>
    <UnitTest name="NoCase_Disabled" storage="c:\users\nick\documents\projects\managed fusion (open source)\managedfusion.rewriter\tests\unit\bin\debug\managedfusion.rewriter.test.dll" id="142bb897-0ebb-0e2f-aef8-00ee924bd46c">
      <Css projectStructure="" iteration="" />
      <Owners>
        <Owner name="" />
      </Owners>
      <Execution id="04cd556a-f5d6-4831-a678-af12062ebfc5" />
      <TestMethod codeBase="C:\Users\Nick\Documents\Projects\Managed Fusion (Open Source)\ManagedFusion.Rewriter\Tests\Unit\bin\Debug\ManagedFusion.Rewriter.Test.dll" adapterTypeName="Microsoft.VisualStudio.TestTools.TestTypes.Unit.UnitTestAdapter, Microsoft.VisualStudio.QualityTools.Tips.UnitTest.Adapter, Version=9.0.0.0, Culture=neutral, PublicKeyToken=b03f5f7f11d50a3a" className="ManagedFusion.Rewriter.Test.Conditions.Flags.NoCaseTest, ManagedFusion.Rewriter.Test" name="NoCase_Disabled" />
    </UnitTest>
  </TestDefinitions>
  <TestLists>
    <TestList name="Results Not in a List" id="8c84fa94-04c1-424b-9868-57a2d4851a1d" />
    <TestList name="All Loaded Results" id="19431567-8539-422a-85d7-44ee4e166bda" />
  </TestLists>
  <TestEntries>
    <TestEntry testId="01bf85d9-28d5-5b35-8394-74da996c2e3e" executionId="1f7cd45a-98a5-4189-88b5-a81a3da3950e" testListId="8c84fa94-04c1-424b-9868-57a2d4851a1d" />
    <TestEntry testId="03704e19-0403-4ec7-3628-376579771a2a" executionId="76bbcea8-2f7e-41fa-8b5c-ce02187aee7e" testListId="8c84fa94-04c1-424b-9868-57a2d4851a1d" />
    <TestEntry testId="05b2caa2-4dc8-d7de-8ac7-f71c73024290" executionId="fb5b62a4-9f9a-4605-a3ec-a2380fa293c6" testListId="8c84fa94-04c1-424b-9868-57a2d4851a1d" />
    <TestEntry testId="0d39a281-d2d1-cc58-0cff-ad653dcd5baf" executionId="b26eb2cc-fda5-4c05-aa62-eaa046698ba0" testListId="8c84fa94-04c1-424b-9868-57a2d4851a1d" />
    <TestEntry testId="1245d3e4-9e42-1c4f-7694-c5b71866b4e9" executionId="46dbde23-3ab3-4946-bb99-872a272179e2" testListId="8c84fa94-04c1-424b-9868-57a2d4851a1d" />
    <TestEntry testId="12f6113d-e953-c955-331c-737fb1e2255d" executionId="93cfe182-42b8-42d2-aa2f-c642ebdf8a12" testListId="8c84fa94-04c1-424b-9868-57a2d4851a1d" />
    <TestEntry testId="1412cdb9-1f81-64d7-585d-d013c7d7527c" executionId="b66fd333-2daa-4744-bd1f-a90f9bfd2796" testListId="8c84fa94-04c1-424b-9868-57a2d4851a1d" />
    <TestEntry testId="142bb897-0ebb-0e2f-aef8-00ee924bd46c" executionId="04cd556a-f5d6-4831-a678-af12062ebfc5" testListId="8c84fa94-04c1-424b-9868-57a2d4851a1d" />
    <TestEntry testId="3e890936-6857-4986-06a6-f310c3e56d41" executionId="33073cce-bb3f-4e21-a310-ac0a0a9add3e" testListId="8c84fa94-04c1-424b-9868-57a2d4851a1d" />
    <TestEntry testId="4242f48e-04d8-c77e-a35a-0012ccda7682" executionId="c508eadf-da3e-451b-b152-e63a6681dc65" testListId="8c84fa94-04c1-424b-9868-57a2d4851a1d" />
    <TestEntry testId="4249aa41-497b-e4ca-f0c5-1694ed263f2e" executionId="10850148-9a0b-4aef-80bb-3e9cf68e026b" testListId="8c84fa94-04c1-424b-9868-57a2d4851a1d" />
    <TestEntry testId="442939cc-db83-a0a1-14e7-db3406b8c7d8" executionId="f142c49e-580f-4136-ab64-34c18e44a8b9" testListId="8c84fa94-04c1-424b-9868-57a2d4851a1d" />
    <TestEntry testId="444f1f01-4e44-8161-e55d-575189cb9197" executionId="cbe3e6ca-7737-4d0f-b56f-9e7ee622034e" testListId="8c84fa94-04c1-424b-9868-57a2d4851a1d" />
    <TestEntry testId="47702f76-7181-6260-4d97-c4d698c770af" executionId="4abca3ee-00aa-415a-bf23-af0c315b59d1" testListId="8c84fa94-04c1-424b-9868-57a2d4851a1d" />
    <TestEntry testId="596269cd-16ac-2940-48cd-6d8261408c8d" executionId="9408644c-122d-49cf-a6f4-694422a679b2" testListId="8c84fa94-04c1-424b-9868-57a2d4851a1d" />
    <TestEntry testId="5afd7dca-3d53-1412-c033-74f373fe308e" executionId="8c820185-d6c7-4947-87e1-32fb27926c5e" testListId="8c84fa94-04c1-424b-9868-57a2d4851a1d" />
    <TestEntry testId="5de29529-1904-95d7-de17-af5d02036249" executionId="20eefb53-cf79-4ed3-b216-783b0f746673" testListId="8c84fa94-04c1-424b-9868-57a2d4851a1d" />
    <TestEntry testId="61dbd89a-ae84-9d78-70cc-5b033157abba" executionId="dac737af-a8b5-43ac-a814-5b6cd32b51c3" testListId="8c84fa94-04c1-424b-9868-57a2d4851a1d" />
    <TestEntry testId="6203017b-f0f0-69a4-43de-f73bb061e892" executionId="e0017ad8-c155-4747-b3d4-806af8fcfc63" testListId="8c84fa94-04c1-424b-9868-57a2d4851a1d" />
    <TestEntry testId="62e42b25-71cd-fc0c-57b8-d773bfd2a38f" executionId="abaac93c-20a7-4753-9cab-01eff9eee8bc" testListId="8c84fa94-04c1-424b-9868-57a2d4851a1d" />
    <TestEntry testId="6717138f-8c63-28be-57bc-8c0bdd7192a1" executionId="c59894af-f334-40bb-8ff1-b8c900f7e7ef" testListId="8c84fa94-04c1-424b-9868-57a2d4851a1d" />
    <TestEntry testId="697f3c34-8fc2-e439-3501-0e3d8086810c" executionId="4f9bbcc1-9dd1-4a6c-8e60-58a8e1ae3e71" testListId="8c84fa94-04c1-424b-9868-57a2d4851a1d" />
    <TestEntry testId="6c64c205-ed6c-81e6-93bb-ef08219d4290" executionId="987f618c-4549-4b0d-a60f-dd83a5253db7" testListId="8c84fa94-04c1-424b-9868-57a2d4851a1d" />
    <TestEntry testId="6f8929fd-fa82-ef38-e04f-0bb0e74696ae" executionId="75821a21-fb04-4079-a6eb-2f5c18e5dcc8" testListId="8c84fa94-04c1-424b-9868-57a2d4851a1d" />
    <TestEntry testId="7031dde7-6a31-f061-5214-22935b5c314f" executionId="c4fbe3bd-efe9-4642-834f-12e2138dffd3" testListId="8c84fa94-04c1-424b-9868-57a2d4851a1d" />
    <TestEntry testId="7bbb9d14-d1bb-00cc-0021-ff5eaa8a9c30" executionId="58358043-e8b8-487f-9f12-879a6f01a2f1" testListId="8c84fa94-04c1-424b-9868-57a2d4851a1d" />
    <TestEntry testId="7ff8b428-89e7-f9b6-6789-df461ef64c19" executionId="98b3e101-6688-4632-8068-bfa24c89fec9" testListId="8c84fa94-04c1-424b-9868-57a2d4851a1d" />
    <TestEntry testId="81ae2999-0b0a-4f34-f4de-08b6c43ba20a" executionId="da9ef11a-638e-4eb2-9b85-bb4d2b3d967d" testListId="8c84fa94-04c1-424b-9868-57a2d4851a1d" />
    <TestEntry testId="8802b187-31d4-f320-b25a-8b93f7ba72d3" executionId="45b8e622-406a-4942-9389-387be58a2df7" testListId="8c84fa94-04c1-424b-9868-57a2d4851a1d" />
    <TestEntry testId="8aa42663-ef25-f93a-bcab-9c2f5fd2c357" executionId="0330fcf8-bdc0-45f7-a6bc-00cafd9ab3af" testListId="8c84fa94-04c1-424b-9868-57a2d4851a1d" />
    <TestEntry testId="8aafa9bc-fa02-f7ef-c349-fd4b0568294c" executionId="070e3bd5-a4a3-4053-a6b6-0d45326e195e" testListId="8c84fa94-04c1-424b-9868-57a2d4851a1d" />
    <TestEntry testId="8e1b2ab8-8ac1-5707-1174-44639a000966" executionId="1a57e23b-26bc-41be-8d28-e0a43f458e70" testListId="8c84fa94-04c1-424b-9868-57a2d4851a1d" />
    <TestEntry testId="8ec321b9-df7e-5811-af28-5889b34ea126" executionId="db908fba-ddea-4595-a735-93bbb97b82e4" testListId="8c84fa94-04c1-424b-9868-57a2d4851a1d" />
    <TestEntry testId="940e65be-acc6-b3c2-4e3c-ef703615908c" executionId="737fd8a6-84c0-4517-8de5-afe409b8d583" testListId="8c84fa94-04c1-424b-9868-57a2d4851a1d" />
    <TestEntry testId="9620b252-c03b-9ff4-a5b0-a4854560e9d2" executionId="4fcfe940-505e-479b-ae57-9e7dd95f0b12" testListId="8c84fa94-04c1-424b-9868-57a2d4851a1d" />
    <TestEntry testId="a2d70069-8de0-7718-8da9-2d906374fb5a" executionId="d8df48da-547e-4edf-acf2-d302f120d6e3" testListId="8c84fa94-04c1-424b-9868-57a2d4851a1d" />
    <TestEntry testId="a49f4ecd-7238-b358-95c8-1a3be0a7e929" executionId="cdd4fba5-c013-45fc-915c-4f43587c9700" testListId="8c84fa94-04c1-424b-9868-57a2d4851a1d" />
    <TestEntry testId="a8eca9e4-21ec-3065-30d5-5fdc0380d052" executionId="f39e8dab-2d91-420f-ba8d-fc9b49f0d84b" testListId="8c84fa94-04c1-424b-9868-57a2d4851a1d" />
    <TestEntry testId="ac67d3d1-304b-dd0c-3115-d18a303c218f" executionId="c2210bc8-e956-4612-996b-822211ebaf25" testListId="8c84fa94-04c1-424b-9868-57a2d4851a1d" />
    <TestEntry testId="b1b6dbce-42a8-a6ea-b84f-68a742637ef9" executionId="544ca8cc-d627-48ac-8e69-05694babb67d" testListId="8c84fa94-04c1-424b-9868-57a2d4851a1d" />
    <TestEntry testId="bbd5444f-e1f6-0dee-27a1-13b925659074" executionId="c3a48695-211f-460f-935d-f47f6a25102b" testListId="8c84fa94-04c1-424b-9868-57a2d4851a1d" />
    <TestEntry testId="c1cf6e67-8cb2-fc07-270c-dbe9e35a967a" executionId="219dfab2-6bff-413c-b988-5fde2b7b9eb4" testListId="8c84fa94-04c1-424b-9868-57a2d4851a1d" />
    <TestEntry testId="cd35395e-cf6c-f797-2fff-e5d3622418cd" executionId="83000c3b-b71d-49c6-997b-6f169124abb4" testListId="8c84fa94-04c1-424b-9868-57a2d4851a1d" />
    <TestEntry testId="d1844e24-1ebd-397c-8e9f-4726701f6819" executionId="e1177077-7c73-4b10-a02d-b1edeefe0798" testListId="8c84fa94-04c1-424b-9868-57a2d4851a1d" />
    <TestEntry testId="d41cb399-0b3b-3c40-8e66-de9df933608d" executionId="eff4db8b-9c24-4200-8153-9cd0e85e58fb" testListId="8c84fa94-04c1-424b-9868-57a2d4851a1d" />
    <TestEntry testId="de033c36-efed-744d-1db4-4ce50c4457ed" executionId="076c16cc-83f5-4506-bc59-268c689ffb44" testListId="8c84fa94-04c1-424b-9868-57a2d4851a1d" />
    <TestEntry testId="dfad8bb3-a885-cd20-2adc-7fbec427ffe9" executionId="79847ccd-f555-4ee9-9e4c-fbfb19fd9a4d" testListId="8c84fa94-04c1-424b-9868-57a2d4851a1d" />
    <TestEntry testId="f0b957b5-43d1-82c2-c039-bed91ca85385" executionId="0ff4b532-155d-45d5-8a69-76e410ba10a7" testListId="8c84fa94-04c1-424b-9868-57a2d4851a1d" />
    <TestEntry testId="f990ae4a-0443-c18c-38fd-47da33e692ad" executionId="2c729452-4724-4302-b236-623fb985ca6e" testListId="8c84fa94-04c1-424b-9868-57a2d4851a1d" />
    <TestEntry testId="fde35d16-16e8-d555-4aae-cc8b74634137" executionId="802fc542-8f3b-4827-87f7-cb7b7761d7d9" testListId="8c84fa94-04c1-424b-9868-57a2d4851a1d" />
  </TestEntries>
  <Results>
    <UnitTestResult executionId="1f7cd45a-98a5-4189-88b5-a81a3da3950e" testId="01bf85d9-28d5-5b35-8394-74da996c2e3e" testName="NoCase_Enabled" computerName="NICK-LAPTOP" duration="00:00:00.2015016" startTime="2009-11-19T22:40:15.8790725-05:00" endTime="2009-11-19T22:40:16.6321156-05:00" testType="13cdc9d9-ddb5-4fa4-a97d-d965ccfc6d4b" outcome="Passed" testListId="8c84fa94-04c1-424b-9868-57a2d4851a1d">
      <Output>
      </Output>
    </UnitTestResult>
    <UnitTestResult executionId="76bbcea8-2f7e-41fa-8b5c-ce02187aee7e" testId="03704e19-0403-4ec7-3628-376579771a2a" testName="VerifyExecuteWithServerVariable" computerName="NICK-LAPTOP" duration="00:00:00.3492429" startTime="2009-11-19T22:40:16.6501166-05:00" endTime="2009-11-19T22:40:17.0021368-05:00" testType="13cdc9d9-ddb5-4fa4-a97d-d965ccfc6d4b" outcome="Passed" testListId="8c84fa94-04c1-424b-9868-57a2d4851a1d">
      <Output>
      </Output>
    </UnitTestResult>
    <UnitTestResult executionId="fb5b62a4-9f9a-4605-a3ec-a2380fa293c6" testId="05b2caa2-4dc8-d7de-8ac7-f71c73024290" testName="Replace_ServerVariable" computerName="NICK-LAPTOP" duration="00:00:00.0325016" startTime="2009-11-19T22:40:17.0081371-05:00" endTime="2009-11-19T22:40:17.0431391-05:00" testType="13cdc9d9-ddb5-4fa4-a97d-d965ccfc6d4b" outcome="Passed" testListId="8c84fa94-04c1-424b-9868-57a2d4851a1d">
      <Output>
      </Output>
    </UnitTestResult>
    <UnitTestResult executionId="b26eb2cc-fda5-4c05-aa62-eaa046698ba0" testId="0d39a281-d2d1-cc58-0cff-ad653dcd5baf" testName="ToString_True" computerName="NICK-LAPTOP" duration="00:00:00.0005721" startTime="2009-11-19T22:40:17.0481394-05:00" endTime="2009-11-19T22:40:17.0511396-05:00" testType="13cdc9d9-ddb5-4fa4-a97d-d965ccfc6d4b" outcome="Passed" testListId="8c84fa94-04c1-424b-9868-57a2d4851a1d">
      <Output>
      </Output>
    </UnitTestResult>
    <UnitTestResult executionId="46dbde23-3ab3-4946-bb99-872a272179e2" testId="1245d3e4-9e42-1c4f-7694-c5b71866b4e9" testName="Last_Final" computerName="NICK-LAPTOP" duration="00:00:00.0047494" startTime="2009-11-19T22:40:17.0581400-05:00" endTime="2009-11-19T22:40:17.0661404-05:00" testType="13cdc9d9-ddb5-4fa4-a97d-d965ccfc6d4b" outcome="Passed" testListId="8c84fa94-04c1-424b-9868-57a2d4851a1d">
      <Output>
      </Output>
    </UnitTestResult>
    <UnitTestResult executionId="93cfe182-42b8-42d2-aa2f-c642ebdf8a12" testId="12f6113d-e953-c955-331c-737fb1e2255d" testName="QueryStringAppend_WithQueryString" computerName="NICK-LAPTOP" duration="00:00:00.0135024" startTime="2009-11-19T22:40:17.0711407-05:00" endTime="2009-11-19T22:40:17.0871416-05:00" testType="13cdc9d9-ddb5-4fa4-a97d-d965ccfc6d4b" outcome="Passed" testListId="8c84fa94-04c1-424b-9868-57a2d4851a1d">
      <Output>
      </Output>
    </UnitTestResult>
    <UnitTestResult executionId="b66fd333-2daa-4744-bd1f-a90f9bfd2796" testId="1412cdb9-1f81-64d7-585d-d013c7d7527c" testName="OrNext_MiddleMatched" computerName="NICK-LAPTOP" duration="00:00:00.0131884" startTime="2009-11-19T22:40:17.0921419-05:00" endTime="2009-11-19T22:40:17.1081428-05:00" testType="13cdc9d9-ddb5-4fa4-a97d-d965ccfc6d4b" outcome="Passed" testListId="8c84fa94-04c1-424b-9868-57a2d4851a1d">
      <Output>
      </Output>
    </UnitTestResult>
    <UnitTestResult executionId="04cd556a-f5d6-4831-a678-af12062ebfc5" testId="142bb897-0ebb-0e2f-aef8-00ee924bd46c" testName="NoCase_Disabled" computerName="NICK-LAPTOP" duration="00:00:00.0045793" startTime="2009-11-19T22:40:17.1131431-05:00" endTime="2009-11-19T22:40:17.1201435-05:00" testType="13cdc9d9-ddb5-4fa4-a97d-d965ccfc6d4b" outcome="Passed" testListId="8c84fa94-04c1-424b-9868-57a2d4851a1d">
      <Output>
      </Output>
    </UnitTestResult>
    <UnitTestResult executionId="33073cce-bb3f-4e21-a310-ac0a0a9add3e" testId="3e890936-6857-4986-06a6-f310c3e56d41" testName="Chain_MiddleNotMatched" computerName="NICK-LAPTOP" duration="00:00:00.0046939" startTime="2009-11-19T22:40:17.1251438-05:00" endTime="2009-11-19T22:40:17.1321442-05:00" testType="13cdc9d9-ddb5-4fa4-a97d-d965ccfc6d4b" outcome="Passed" testListId="8c84fa94-04c1-424b-9868-57a2d4851a1d">
      <Output>
      </Output>
    </UnitTestResult>
    <UnitTestResult executionId="c508eadf-da3e-451b-b152-e63a6681dc65" testId="4242f48e-04d8-c77e-a35a-0012ccda7682" testName="SimpleRule" computerName="NICK-LAPTOP" duration="00:00:00.0020791" startTime="2009-11-19T22:40:17.1371445-05:00" endTime="2009-11-19T22:40:17.1421448-05:00" testType="13cdc9d9-ddb5-4fa4-a97d-d965ccfc6d4b" outcome="Passed" testListId="8c84fa94-04c1-424b-9868-57a2d4851a1d">
      <Output>
      </Output>
    </UnitTestResult>
    <UnitTestResult executionId="10850148-9a0b-4aef-80bb-3e9cf68e026b" testId="4249aa41-497b-e4ca-f0c5-1694ed263f2e" testName="Chain_LastNotMatched" computerName="NICK-LAPTOP" duration="00:00:00.0063792" startTime="2009-11-19T22:40:17.1471451-05:00" endTime="2009-11-19T22:40:17.1561456-05:00" testType="13cdc9d9-ddb5-4fa4-a97d-d965ccfc6d4b" outcome="Passed" testListId="8c84fa94-04c1-424b-9868-57a2d4851a1d">
      <Output>
      </Output>
    </UnitTestResult>
    <UnitTestResult executionId="f142c49e-580f-4136-ab64-34c18e44a8b9" testId="442939cc-db83-a0a1-14e7-db3406b8c7d8" testName="VerifyExecuteWithNineConditionalValues" computerName="NICK-LAPTOP" duration="00:00:00.0759789" startTime="2009-11-19T22:40:17.1631460-05:00" endTime="2009-11-19T22:40:17.2421505-05:00" testType="13cdc9d9-ddb5-4fa4-a97d-d965ccfc6d4b" outcome="Passed" testListId="8c84fa94-04c1-424b-9868-57a2d4851a1d">
      <Output>
      </Output>
    </UnitTestResult>
    <UnitTestResult executionId="cbe3e6ca-7737-4d0f-b56f-9e7ee622034e" testId="444f1f01-4e44-8161-e55d-575189cb9197" testName="ProxyType" computerName="NICK-LAPTOP" duration="00:00:00.0003274" startTime="2009-11-19T22:40:17.2461507-05:00" endTime="2009-11-19T22:40:17.2501510-05:00" testType="13cdc9d9-ddb5-4fa4-a97d-d965ccfc6d4b" outcome="Passed" testListId="8c84fa94-04c1-424b-9868-57a2d4851a1d">
      <Output>
      </Output>
    </UnitTestResult>
    <UnitTestResult executionId="4abca3ee-00aa-415a-bf23-af0c315b59d1" testId="47702f76-7181-6260-4d97-c4d698c770af" testName="VerifyExecuteWithOneConditionalValue" computerName="NICK-LAPTOP" duration="00:00:00.0020248" startTime="2009-11-19T22:40:17.2571514-05:00" endTime="2009-11-19T22:40:17.2621517-05:00" testType="13cdc9d9-ddb5-4fa4-a97d-d965ccfc6d4b" outcome="Passed" testListId="8c84fa94-04c1-424b-9868-57a2d4851a1d">
      <Output>
      </Output>
    </UnitTestResult>
    <UnitTestResult executionId="9408644c-122d-49cf-a6f4-694422a679b2" testId="596269cd-16ac-2940-48cd-6d8261408c8d" testName="OrNext_FinalMatched" computerName="NICK-LAPTOP" duration="00:00:00.0089596" startTime="2009-11-19T22:40:17.2701521-05:00" endTime="2009-11-19T22:40:17.2821528-05:00" testType="13cdc9d9-ddb5-4fa4-a97d-d965ccfc6d4b" outcome="Passed" testListId="8c84fa94-04c1-424b-9868-57a2d4851a1d">
      <Output>
      </Output>
    </UnitTestResult>
    <UnitTestResult executionId="8c820185-d6c7-4947-87e1-32fb27926c5e" testId="5afd7dca-3d53-1412-c033-74f373fe308e" testName="Chain_Matched" computerName="NICK-LAPTOP" duration="00:00:00.0072780" startTime="2009-11-19T22:40:17.2871531-05:00" endTime="2009-11-19T22:40:17.2971537-05:00" testType="13cdc9d9-ddb5-4fa4-a97d-d965ccfc6d4b" outcome="Passed" testListId="8c84fa94-04c1-424b-9868-57a2d4851a1d">
      <Output>
      </Output>
    </UnitTestResult>
    <UnitTestResult executionId="20eefb53-cf79-4ed3-b216-783b0f746673" testId="5de29529-1904-95d7-de17-af5d02036249" testName="OrNext_LastMatched" computerName="NICK-LAPTOP" duration="00:00:00.0078688" startTime="2009-11-19T22:40:17.3031540-05:00" endTime="2009-11-19T22:40:17.3131546-05:00" testType="13cdc9d9-ddb5-4fa4-a97d-d965ccfc6d4b" outcome="Passed" testListId="8c84fa94-04c1-424b-9868-57a2d4851a1d">
      <Output>
      </Output>
    </UnitTestResult>
    <UnitTestResult executionId="dac737af-a8b5-43ac-a814-5b6cd32b51c3" testId="61dbd89a-ae84-9d78-70cc-5b033157abba" testName="RewriteCondWithServerVariable" computerName="NICK-LAPTOP" duration="00:00:00.0045874" startTime="2009-11-19T22:40:17.3191549-05:00" endTime="2009-11-19T22:40:17.3261553-05:00" testType="13cdc9d9-ddb5-4fa4-a97d-d965ccfc6d4b" outcome="Passed" testListId="8c84fa94-04c1-424b-9868-57a2d4851a1d">
      <Output>
      </Output>
    </UnitTestResult>
    <UnitTestResult executionId="e0017ad8-c155-4747-b3d4-806af8fcfc63" testId="6203017b-f0f0-69a4-43de-f73bb061e892" testName="Next" computerName="NICK-LAPTOP" duration="00:00:00.0033203" startTime="2009-11-19T22:40:17.3301555-05:00" endTime="2009-11-19T22:40:17.3361559-05:00" testType="13cdc9d9-ddb5-4fa4-a97d-d965ccfc6d4b" outcome="Passed" testListId="8c84fa94-04c1-424b-9868-57a2d4851a1d">
      <Output>
      </Output>
    </UnitTestResult>
    <UnitTestResult executionId="abaac93c-20a7-4753-9cab-01eff9eee8bc" testId="62e42b25-71cd-fc0c-57b8-d773bfd2a38f" testName="VerifyExecute" computerName="NICK-LAPTOP" duration="00:00:00.0008663" startTime="2009-11-19T22:40:17.3421562-05:00" endTime="2009-11-19T22:40:17.3451564-05:00" testType="13cdc9d9-ddb5-4fa4-a97d-d965ccfc6d4b" outcome="Passed" testListId="8c84fa94-04c1-424b-9868-57a2d4851a1d">
      <Output>
      </Output>
    </UnitTestResult>
    <UnitTestResult executionId="c59894af-f334-40bb-8ff1-b8c900f7e7ef" testId="6717138f-8c63-28be-57bc-8c0bdd7192a1" testName="VerifyExecuteWithTenConditionalValues" computerName="NICK-LAPTOP" duration="00:00:00.0017002" startTime="2009-11-19T22:40:17.3501567-05:00" endTime="2009-11-19T22:40:17.3541569-05:00" testType="13cdc9d9-ddb5-4fa4-a97d-d965ccfc6d4b" outcome="Passed" testListId="8c84fa94-04c1-424b-9868-57a2d4851a1d">
      <Output>
      </Output>
    </UnitTestResult>
    <UnitTestResult executionId="4f9bbcc1-9dd1-4a6c-8e60-58a8e1ae3e71" testId="697f3c34-8fc2-e439-3501-0e3d8086810c" testName="Last_Middle" computerName="NICK-LAPTOP" duration="00:00:00.0035212" startTime="2009-11-19T22:40:17.3591572-05:00" endTime="2009-11-19T22:40:17.3651575-05:00" testType="13cdc9d9-ddb5-4fa4-a97d-d965ccfc6d4b" outcome="Passed" testListId="8c84fa94-04c1-424b-9868-57a2d4851a1d">
      <Output>
      </Output>
    </UnitTestResult>
    <UnitTestResult executionId="987f618c-4549-4b0d-a60f-dd83a5253db7" testId="6c64c205-ed6c-81e6-93bb-ef08219d4290" testName="NoCase_Enabled" computerName="NICK-LAPTOP" duration="00:00:00.0049512" startTime="2009-11-19T22:40:17.3701578-05:00" endTime="2009-11-19T22:40:17.3781583-05:00" testType="13cdc9d9-ddb5-4fa4-a97d-d965ccfc6d4b" outcome="Passed" testListId="8c84fa94-04c1-424b-9868-57a2d4851a1d">
      <Output>
      </Output>
    </UnitTestResult>
    <UnitTestResult executionId="75821a21-fb04-4079-a6eb-2f5c18e5dcc8" testId="6f8929fd-fa82-ef38-e04f-0bb0e74696ae" testName="ForceHostToUseWww" computerName="NICK-LAPTOP" duration="00:00:00.0088340" startTime="2009-11-19T22:40:17.3881589-05:00" endTime="2009-11-19T22:40:17.4011596-05:00" testType="13cdc9d9-ddb5-4fa4-a97d-d965ccfc6d4b" outcome="Passed" testListId="8c84fa94-04c1-424b-9868-57a2d4851a1d">
      <Output>
      </Output>
    </UnitTestResult>
    <UnitTestResult executionId="c4fbe3bd-efe9-4642-834f-12e2138dffd3" testId="7031dde7-6a31-f061-5214-22935b5c314f" testName="Chain_FirstNotMatched" computerName="NICK-LAPTOP" duration="00:00:00.0033276" startTime="2009-11-19T22:40:17.4061599-05:00" endTime="2009-11-19T22:40:17.4121602-05:00" testType="13cdc9d9-ddb5-4fa4-a97d-d965ccfc6d4b" outcome="Passed" testListId="8c84fa94-04c1-424b-9868-57a2d4851a1d">
      <Output>
      </Output>
    </UnitTestResult>
    <UnitTestResult executionId="58358043-e8b8-487f-9f12-879a6f01a2f1" testId="7bbb9d14-d1bb-00cc-0021-ff5eaa8a9c30" testName="InvertMatch_False" computerName="NICK-LAPTOP" duration="00:00:00.0012910" startTime="2009-11-19T22:40:17.4171605-05:00" endTime="2009-11-19T22:40:17.4201607-05:00" testType="13cdc9d9-ddb5-4fa4-a97d-d965ccfc6d4b" outcome="Passed" testListId="8c84fa94-04c1-424b-9868-57a2d4851a1d">
      <Output>
      </Output>
    </UnitTestResult>
    <UnitTestResult executionId="98b3e101-6688-4632-8068-bfa24c89fec9" testId="7ff8b428-89e7-f9b6-6789-df461ef64c19" testName="Chain_FinalNotMatched" computerName="NICK-LAPTOP" duration="00:00:00.0070113" startTime="2009-11-19T22:40:17.4261610-05:00" endTime="2009-11-19T22:40:17.4351615-05:00" testType="13cdc9d9-ddb5-4fa4-a97d-d965ccfc6d4b" outcome="Passed" testListId="8c84fa94-04c1-424b-9868-57a2d4851a1d">
      <Output>
      </Output>
    </UnitTestResult>
    <UnitTestResult executionId="da9ef11a-638e-4eb2-9b85-bb4d2b3d967d" testId="81ae2999-0b0a-4f34-f4de-08b6c43ba20a" testName="VerifyExecuteWithTenConditionalValues" computerName="NICK-LAPTOP" duration="00:00:00.0020880" startTime="2009-11-19T22:40:17.4411619-05:00" endTime="2009-11-19T22:40:17.4461622-05:00" testType="13cdc9d9-ddb5-4fa4-a97d-d965ccfc6d4b" outcome="Passed" testListId="8c84fa94-04c1-424b-9868-57a2d4851a1d">
      <Output>
      </Output>
    </UnitTestResult>
    <UnitTestResult executionId="45b8e622-406a-4942-9389-387be58a2df7" testId="8802b187-31d4-f320-b25a-8b93f7ba72d3" testName="OrNext_NotlMatched" computerName="NICK-LAPTOP" duration="00:00:00.0091492" startTime="2009-11-19T22:40:17.4501624-05:00" endTime="2009-11-19T22:40:17.4621631-05:00" testType="13cdc9d9-ddb5-4fa4-a97d-d965ccfc6d4b" outcome="Passed" testListId="8c84fa94-04c1-424b-9868-57a2d4851a1d">
      <Output>
      </Output>
    </UnitTestResult>
    <UnitTestResult executionId="0330fcf8-bdc0-45f7-a6bc-00cafd9ab3af" testId="8aa42663-ef25-f93a-bcab-9c2f5fd2c357" testName="VerifyExecuteWithNineConditionalValues" computerName="NICK-LAPTOP" duration="00:00:00.0013692" startTime="2009-11-19T22:40:17.4671634-05:00" endTime="2009-11-19T22:40:17.4711636-05:00" testType="13cdc9d9-ddb5-4fa4-a97d-d965ccfc6d4b" outcome="Passed" testListId="8c84fa94-04c1-424b-9868-57a2d4851a1d">
      <Output>
      </Output>
    </UnitTestResult>
    <UnitTestResult executionId="070e3bd5-a4a3-4053-a6b6-0d45326e195e" testId="8aafa9bc-fa02-f7ef-c349-fd4b0568294c" testName="QueryStringAppend_WithQueryString_NoQueryStringOnUrl" computerName="NICK-LAPTOP" duration="00:00:00.0018299" startTime="2009-11-19T22:40:17.4761639-05:00" endTime="2009-11-19T22:40:17.4801641-05:00" testType="13cdc9d9-ddb5-4fa4-a97d-d965ccfc6d4b" outcome="Passed" testListId="8c84fa94-04c1-424b-9868-57a2d4851a1d">
      <Output>
      </Output>
    </UnitTestResult>
    <UnitTestResult executionId="1a57e23b-26bc-41be-8d28-e0a43f458e70" testId="8e1b2ab8-8ac1-5707-1174-44639a000966" testName="RewriteModule_IRuleAction" computerName="NICK-LAPTOP" duration="00:00:00.0017379" startTime="2009-11-19T22:40:17.4841644-05:00" endTime="2009-11-19T22:40:17.4881646-05:00" testType="13cdc9d9-ddb5-4fa4-a97d-d965ccfc6d4b" outcome="Passed" testListId="8c84fa94-04c1-424b-9868-57a2d4851a1d">
      <Output>
      </Output>
    </UnitTestResult>
    <UnitTestResult executionId="db908fba-ddea-4595-a735-93bbb97b82e4" testId="8ec321b9-df7e-5811-af28-5889b34ea126" testName="QueryStringAppend_WithOutQueryString_NoQueryStringOnUrl" computerName="NICK-LAPTOP" duration="00:00:00.0018380" startTime="2009-11-19T22:40:17.4931649-05:00" endTime="2009-11-19T22:40:17.4971651-05:00" testType="13cdc9d9-ddb5-4fa4-a97d-d965ccfc6d4b" outcome="Passed" testListId="8c84fa94-04c1-424b-9868-57a2d4851a1d">
      <Output>
      </Output>
    </UnitTestResult>
    <UnitTestResult executionId="737fd8a6-84c0-4517-8de5-afe409b8d583" testId="940e65be-acc6-b3c2-4e3c-ef703615908c" testName="OrNext_FirstMatched" computerName="NICK-LAPTOP" duration="00:00:00.0052973" startTime="2009-11-19T22:40:17.5021654-05:00" endTime="2009-11-19T22:40:17.5131660-05:00" testType="13cdc9d9-ddb5-4fa4-a97d-d965ccfc6d4b" outcome="Passed" testListId="8c84fa94-04c1-424b-9868-57a2d4851a1d">
      <Output>
      </Output>
    </UnitTestResult>
    <UnitTestResult executionId="4fcfe940-505e-479b-ae57-9e7dd95f0b12" testId="9620b252-c03b-9ff4-a5b0-a4854560e9d2" testName="VerifyExecuteWithOneConditionalValue" computerName="NICK-LAPTOP" duration="00:00:00.0012978" startTime="2009-11-19T22:40:17.5191664-05:00" endTime="2009-11-19T22:40:17.5221665-05:00" testType="13cdc9d9-ddb5-4fa4-a97d-d965ccfc6d4b" outcome="Passed" testListId="8c84fa94-04c1-424b-9868-57a2d4851a1d">
      <Output>
      </Output>
    </UnitTestResult>
    <UnitTestResult executionId="d8df48da-547e-4edf-acf2-d302f120d6e3" testId="a2d70069-8de0-7718-8da9-2d906374fb5a" testName="VerifyExecuteWithServerVariable" computerName="NICK-LAPTOP" duration="00:00:00.0008144" startTime="2009-11-19T22:40:17.5271668-05:00" endTime="2009-11-19T22:40:17.5301670-05:00" testType="13cdc9d9-ddb5-4fa4-a97d-d965ccfc6d4b" outcome="Passed" testListId="8c84fa94-04c1-424b-9868-57a2d4851a1d">
      <Output>
      </Output>
    </UnitTestResult>
    <UnitTestResult executionId="cdd4fba5-c013-45fc-915c-4f43587c9700" testId="a49f4ecd-7238-b358-95c8-1a3be0a7e929" testName="VerifyExecute" computerName="NICK-LAPTOP" duration="00:00:00.0006422" startTime="2009-11-19T22:40:17.5341672-05:00" endTime="2009-11-19T22:40:17.5371674-05:00" testType="13cdc9d9-ddb5-4fa4-a97d-d965ccfc6d4b" outcome="Passed" testListId="8c84fa94-04c1-424b-9868-57a2d4851a1d">
      <Output>
      </Output>
    </UnitTestResult>
    <UnitTestResult executionId="f39e8dab-2d91-420f-ba8d-fc9b49f0d84b" testId="a8eca9e4-21ec-3065-30d5-5fdc0380d052" testName="QueryStringAppend_WithOutQueryString" computerName="NICK-LAPTOP" duration="00:00:00.0018481" startTime="2009-11-19T22:40:17.5431677-05:00" endTime="2009-11-19T22:40:17.5471680-05:00" testType="13cdc9d9-ddb5-4fa4-a97d-d965ccfc6d4b" outcome="Passed" testListId="8c84fa94-04c1-424b-9868-57a2d4851a1d">
      <Output>
      </Output>
    </UnitTestResult>
    <UnitTestResult executionId="c2210bc8-e956-4612-996b-822211ebaf25" testId="ac67d3d1-304b-dd0c-3115-d18a303c218f" testName="SimpleRule_WithComplexCondition" computerName="NICK-LAPTOP" duration="00:00:00.0154884" startTime="2009-11-19T22:40:17.5521682-05:00" endTime="2009-11-19T22:40:17.5701693-05:00" testType="13cdc9d9-ddb5-4fa4-a97d-d965ccfc6d4b" outcome="Passed" testListId="8c84fa94-04c1-424b-9868-57a2d4851a1d">
      <Output>
      </Output>
    </UnitTestResult>
    <UnitTestResult executionId="544ca8cc-d627-48ac-8e69-05694babb67d" testId="b1b6dbce-42a8-a6ea-b84f-68a742637ef9" testName="ProxyAsyncType" computerName="NICK-LAPTOP" duration="00:00:00.0002313" startTime="2009-11-19T22:40:17.5741695-05:00" endTime="2009-11-19T22:40:17.5771697-05:00" testType="13cdc9d9-ddb5-4fa4-a97d-d965ccfc6d4b" outcome="Passed" testListId="8c84fa94-04c1-424b-9868-57a2d4851a1d">
      <Output>
      </Output>
    </UnitTestResult>
    <UnitTestResult executionId="c3a48695-211f-460f-935d-f47f6a25102b" testId="bbd5444f-e1f6-0dee-27a1-13b925659074" testName="ToString_False" computerName="NICK-LAPTOP" duration="00:00:00.0003841" startTime="2009-11-19T22:40:17.5811699-05:00" endTime="2009-11-19T22:40:17.5831700-05:00" testType="13cdc9d9-ddb5-4fa4-a97d-d965ccfc6d4b" outcome="Passed" testListId="8c84fa94-04c1-424b-9868-57a2d4851a1d">
      <Output>
      </Output>
    </UnitTestResult>
    <UnitTestResult executionId="219dfab2-6bff-413c-b988-5fde2b7b9eb4" testId="c1cf6e67-8cb2-fc07-270c-dbe9e35a967a" testName="AddTrailingSlash" computerName="NICK-LAPTOP" duration="00:00:00.0022720" startTime="2009-11-19T22:40:17.5881703-05:00" endTime="2009-11-19T22:40:17.5921705-05:00" testType="13cdc9d9-ddb5-4fa4-a97d-d965ccfc6d4b" outcome="Passed" testListId="8c84fa94-04c1-424b-9868-57a2d4851a1d">
      <Output>
      </Output>
    </UnitTestResult>
    <UnitTestResult executionId="83000c3b-b71d-49c6-997b-6f169124abb4" testId="cd35395e-cf6c-f797-2fff-e5d3622418cd" testName="NoCase_Disabled" computerName="NICK-LAPTOP" duration="00:00:00.0029612" startTime="2009-11-19T22:40:17.5971708-05:00" endTime="2009-11-19T22:40:17.6021711-05:00" testType="13cdc9d9-ddb5-4fa4-a97d-d965ccfc6d4b" outcome="Passed" testListId="8c84fa94-04c1-424b-9868-57a2d4851a1d">
      <Output>
      </Output>
    </UnitTestResult>
    <UnitTestResult executionId="e1177077-7c73-4b10-a02d-b1edeefe0798" testId="d1844e24-1ebd-397c-8e9f-4726701f6819" testName="ToString" computerName="NICK-LAPTOP" duration="00:00:00.0005020" startTime="2009-11-19T22:40:17.6071714-05:00" endTime="2009-11-19T22:40:17.6101716-05:00" testType="13cdc9d9-ddb5-4fa4-a97d-d965ccfc6d4b" outcome="Passed" testListId="8c84fa94-04c1-424b-9868-57a2d4851a1d">
      <Output>
      </Output>
    </UnitTestResult>
    <UnitTestResult executionId="eff4db8b-9c24-4200-8153-9cd0e85e58fb" testId="d41cb399-0b3b-3c40-8e66-de9df933608d" testName="Skip" computerName="NICK-LAPTOP" duration="00:00:00.0044062" startTime="2009-11-19T22:40:17.6141718-05:00" endTime="2009-11-19T22:40:17.6211722-05:00" testType="13cdc9d9-ddb5-4fa4-a97d-d965ccfc6d4b" outcome="Passed" testListId="8c84fa94-04c1-424b-9868-57a2d4851a1d">
      <Output>
      </Output>
    </UnitTestResult>
    <UnitTestResult executionId="076c16cc-83f5-4506-bc59-268c689ffb44" testId="de033c36-efed-744d-1db4-4ce50c4457ed" testName="SimpleRule_WithCondition" computerName="NICK-LAPTOP" duration="00:00:00.0041668" startTime="2009-11-19T22:40:17.6251724-05:00" endTime="2009-11-19T22:40:17.6311728-05:00" testType="13cdc9d9-ddb5-4fa4-a97d-d965ccfc6d4b" outcome="Passed" testListId="8c84fa94-04c1-424b-9868-57a2d4851a1d">
      <Output>
      </Output>
    </UnitTestResult>
    <UnitTestResult executionId="79847ccd-f555-4ee9-9e4c-fbfb19fd9a4d" testId="dfad8bb3-a885-cd20-2adc-7fbec427ffe9" testName="InvertMatch_True" computerName="NICK-LAPTOP" duration="00:00:00.0004064" startTime="2009-11-19T22:40:17.6351730-05:00" endTime="2009-11-19T22:40:17.6391732-05:00" testType="13cdc9d9-ddb5-4fa4-a97d-d965ccfc6d4b" outcome="Passed" testListId="8c84fa94-04c1-424b-9868-57a2d4851a1d">
      <Output>
      </Output>
    </UnitTestResult>
    <UnitTestResult executionId="0ff4b532-155d-45d5-8a69-76e410ba10a7" testId="f0b957b5-43d1-82c2-c039-bed91ca85385" testName="RewriteCondWithHttpHeader" computerName="NICK-LAPTOP" duration="00:00:00.0048244" startTime="2009-11-19T22:40:17.6421734-05:00" endTime="2009-11-19T22:40:17.6501738-05:00" testType="13cdc9d9-ddb5-4fa4-a97d-d965ccfc6d4b" outcome="Passed" testListId="8c84fa94-04c1-424b-9868-57a2d4851a1d">
      <Output>
      </Output>
    </UnitTestResult>
    <UnitTestResult executionId="2c729452-4724-4302-b236-623fb985ca6e" testId="f990ae4a-0443-c18c-38fd-47da33e692ad" testName="Last_First" computerName="NICK-LAPTOP" duration="00:00:00.0020094" startTime="2009-11-19T22:40:17.6541741-05:00" endTime="2009-11-19T22:40:17.6591744-05:00" testType="13cdc9d9-ddb5-4fa4-a97d-d965ccfc6d4b" outcome="Passed" testListId="8c84fa94-04c1-424b-9868-57a2d4851a1d">
      <Output>
      </Output>
    </UnitTestResult>
    <UnitTestResult executionId="802fc542-8f3b-4827-87f7-cb7b7761d7d9" testId="fde35d16-16e8-d555-4aae-cc8b74634137" testName="WordPress" computerName="NICK-LAPTOP" duration="00:00:00.0025050" startTime="2009-11-19T22:40:17.6631746-05:00" endTime="2009-11-19T22:40:17.6691749-05:00" testType="13cdc9d9-ddb5-4fa4-a97d-d965ccfc6d4b" outcome="Passed" testListId="8c84fa94-04c1-424b-9868-57a2d4851a1d">
      <Output>
      </Output>
    </UnitTestResult>
  </Results>
</TestRun>